{
  "/Users/cvmcosta/Desktop/cvm/code/projects/ltijs/src/Provider/Provider.js": {
    "path": "/Users/cvmcosta/Desktop/cvm/code/projects/ltijs/src/Provider/Provider.js",
    "statementMap": {
      "0": { "start": { "line": 6, "column": 15 }, "end": { "line": 6, "column": 41 } },
      "1": { "start": { "line": 7, "column": 16 }, "end": { "line": 7, "column": 43 } },
      "2": { "start": { "line": 8, "column": 17 }, "end": { "line": 8, "column": 45 } },
      "3": { "start": { "line": 9, "column": 13 }, "end": { "line": 9, "column": 37 } },
      "4": { "start": { "line": 10, "column": 11 }, "end": { "line": 10, "column": 39 } },
      "5": { "start": { "line": 11, "column": 15 }, "end": { "line": 11, "column": 41 } },
      "6": { "start": { "line": 13, "column": 21 }, "end": { "line": 13, "column": 48 } },
      "7": { "start": { "line": 14, "column": 27 }, "end": { "line": 14, "column": 60 } },
      "8": { "start": { "line": 15, "column": 29 }, "end": { "line": 15, "column": 64 } },
      "9": { "start": { "line": 16, "column": 28 }, "end": { "line": 16, "column": 69 } },
      "10": { "start": { "line": 18, "column": 12 }, "end": { "line": 18, "column": 38 } },
      "11": { "start": { "line": 19, "column": 12 }, "end": { "line": 19, "column": 35 } },
      "12": { "start": { "line": 20, "column": 15 }, "end": { "line": 20, "column": 32 } },
      "13": { "start": { "line": 21, "column": 25 }, "end": { "line": 21, "column": 52 } },
      "14": { "start": { "line": 22, "column": 13 }, "end": { "line": 22, "column": 28 } },
      "15": { "start": { "line": 23, "column": 22 }, "end": { "line": 23, "column": 42 } },
      "16": { "start": { "line": 25, "column": 22 }, "end": { "line": 25, "column": 55 } },
      "17": { "start": { "line": 26, "column": 22 }, "end": { "line": 26, "column": 55 } },
      "18": { "start": { "line": 27, "column": 37 }, "end": { "line": 27, "column": 92 } },
      "19": { "start": { "line": 29, "column": 22 }, "end": { "line": 29, "column": 80 } },
      "20": { "start": { "line": 30, "column": 24 }, "end": { "line": 30, "column": 84 } },
      "21": { "start": { "line": 37, "column": 16 }, "end": { "line": 37, "column": 24 } },
      "22": { "start": { "line": 39, "column": 14 }, "end": { "line": 39, "column": 17 } },
      "23": { "start": { "line": 41, "column": 17 }, "end": { "line": 41, "column": 24 } },
      "24": { "start": { "line": 43, "column": 17 }, "end": { "line": 43, "column": 28 } },
      "25": { "start": { "line": 45, "column": 23 }, "end": { "line": 45, "column": 25 } },
      "26": { "start": { "line": 49, "column": 13 }, "end": { "line": 49, "column": 18 } },
      "27": { "start": { "line": 50, "column": 12 }, "end": { "line": 50, "column": 17 } },
      "28": { "start": { "line": 52, "column": 17 }, "end": { "line": 52, "column": 19 } },
      "29": { "start": { "line": 54, "column": 19 }, "end": { "line": 58, "column": 3 } },
      "30": { "start": { "line": 61, "column": 11 }, "end": { "line": 61, "column": 16 } },
      "31": { "start": { "line": 63, "column": 21 }, "end": { "line": 63, "column": 71 } },
      "32": { "start": { "line": 63, "column": 56 }, "end": { "line": 63, "column": 69 } },
      "33": { "start": { "line": 65, "column": 25 }, "end": { "line": 65, "column": 75 } },
      "34": { "start": { "line": 65, "column": 60 }, "end": { "line": 65, "column": 73 } },
      "35": { "start": { "line": 67, "column": 30 }, "end": { "line": 67, "column": 80 } },
      "36": { "start": { "line": 67, "column": 65 }, "end": { "line": 67, "column": 78 } },
      "37": { "start": { "line": 69, "column": 33 }, "end": { "line": 80, "column": 3 } },
      "38": { "start": { "line": 70, "column": 4 }, "end": { "line": 79, "column": 5 } },
      "39": { "start": { "line": 71, "column": 6 }, "end": { "line": 71, "column": 177 } },
      "40": { "start": { "line": 71, "column": 43 }, "end": { "line": 71, "column": 177 } },
      "41": { "start": { "line": 72, "column": 22 }, "end": { "line": 72, "column": 123 } },
      "42": { "start": { "line": 73, "column": 6 }, "end": { "line": 73, "column": 48 } },
      "43": { "start": { "line": 74, "column": 6 }, "end": { "line": 74, "column": 23 } },
      "44": { "start": { "line": 76, "column": 6 }, "end": { "line": 76, "column": 39 } },
      "45": { "start": { "line": 77, "column": 6 }, "end": { "line": 77, "column": 175 } },
      "46": { "start": { "line": 77, "column": 57 }, "end": { "line": 77, "column": 175 } },
      "47": { "start": { "line": 78, "column": 6 }, "end": { "line": 78, "column": 117 } },
      "48": { "start": { "line": 82, "column": 28 }, "end": { "line": 84, "column": 3 } },
      "49": { "start": { "line": 83, "column": 4 }, "end": { "line": 83, "column": 47 } },
      "50": { "start": { "line": 86, "column": 26 }, "end": { "line": 88, "column": 3 } },
      "51": { "start": { "line": 87, "column": 4 }, "end": { "line": 87, "column": 47 } },
      "52": { "start": { "line": 90, "column": 34 }, "end": { "line": 92, "column": 3 } },
      "53": { "start": { "line": 91, "column": 4 }, "end": { "line": 91, "column": 117 } },
      "54": { "start": { "line": 94, "column": 30 }, "end": { "line": 96, "column": 3 } },
      "55": { "start": { "line": 95, "column": 4 }, "end": { "line": 95, "column": 119 } },
      "56": { "start": { "line": 99, "column": 12 }, "end": { "line": 107, "column": 3 } },
      "57": { "start": { "line": 100, "column": 4 }, "end": { "line": 106, "column": 5 } },
      "58": { "start": { "line": 101, "column": 21 }, "end": { "line": 101, "column": 75 } },
      "59": { "start": { "line": 102, "column": 6 }, "end": { "line": 102, "column": 41 } },
      "60": { "start": { "line": 104, "column": 6 }, "end": { "line": 104, "column": 24 } },
      "61": { "start": { "line": 105, "column": 6 }, "end": { "line": 105, "column": 117 } },
      "62": { "start": { "line": 150, "column": 4 }, "end": { "line": 150, "column": 62 } },
      "63": { "start": { "line": 150, "column": 21 }, "end": { "line": 150, "column": 62 } },
      "64": { "start": { "line": 151, "column": 4 }, "end": { "line": 151, "column": 139 } },
      "65": { "start": { "line": 151, "column": 93 }, "end": { "line": 151, "column": 139 } },
      "66": { "start": { "line": 152, "column": 4 }, "end": { "line": 152, "column": 65 } },
      "67": { "start": { "line": 152, "column": 24 }, "end": { "line": 152, "column": 65 } },
      "68": { "start": { "line": 153, "column": 4 }, "end": { "line": 153, "column": 68 } },
      "69": { "start": { "line": 153, "column": 19 }, "end": { "line": 153, "column": 68 } },
      "70": { "start": { "line": 154, "column": 4 }, "end": { "line": 154, "column": 131 } },
      "71": { "start": { "line": 154, "column": 84 }, "end": { "line": 154, "column": 131 } },
      "72": { "start": { "line": 159, "column": 4 }, "end": { "line": 159, "column": 24 } },
      "73": { "start": { "line": 160, "column": 4 }, "end": { "line": 161, "column": 40 } },
      "74": { "start": { "line": 160, "column": 26 }, "end": { "line": 160, "column": 58 } },
      "75": { "start": { "line": 161, "column": 9 }, "end": { "line": 161, "column": 40 } },
      "76": { "start": { "line": 163, "column": 4 }, "end": { "line": 163, "column": 108 } },
      "77": { "start": { "line": 163, "column": 57 }, "end": { "line": 163, "column": 108 } },
      "78": { "start": { "line": 164, "column": 4 }, "end": { "line": 164, "column": 118 } },
      "79": { "start": { "line": 164, "column": 61 }, "end": { "line": 164, "column": 118 } },
      "80": { "start": { "line": 165, "column": 4 }, "end": { "line": 165, "column": 123 } },
      "81": { "start": { "line": 165, "column": 63 }, "end": { "line": 165, "column": 123 } },
      "82": { "start": { "line": 166, "column": 4 }, "end": { "line": 166, "column": 79 } },
      "83": { "start": { "line": 166, "column": 40 }, "end": { "line": 166, "column": 79 } },
      "84": { "start": { "line": 168, "column": 4 }, "end": { "line": 168, "column": 65 } },
      "85": { "start": { "line": 168, "column": 45 }, "end": { "line": 168, "column": 65 } },
      "86": { "start": { "line": 169, "column": 4 }, "end": { "line": 169, "column": 63 } },
      "87": { "start": { "line": 169, "column": 44 }, "end": { "line": 169, "column": 63 } },
      "88": { "start": { "line": 170, "column": 4 }, "end": { "line": 170, "column": 93 } },
      "89": { "start": { "line": 170, "column": 54 }, "end": { "line": 170, "column": 93 } },
      "90": { "start": { "line": 173, "column": 4 }, "end": { "line": 177, "column": 5 } },
      "91": { "start": { "line": 174, "column": 6 }, "end": { "line": 174, "column": 76 } },
      "92": { "start": { "line": 174, "column": 43 }, "end": { "line": 174, "column": 76 } },
      "93": { "start": { "line": 175, "column": 6 }, "end": { "line": 175, "column": 91 } },
      "94": { "start": { "line": 175, "column": 36 }, "end": { "line": 175, "column": 91 } },
      "95": { "start": { "line": 176, "column": 6 }, "end": { "line": 176, "column": 85 } },
      "96": { "start": { "line": 176, "column": 34 }, "end": { "line": 176, "column": 85 } },
      "97": { "start": { "line": 179, "column": 4 }, "end": { "line": 179, "column": 39 } },
      "98": { "start": { "line": 181, "column": 4 }, "end": { "line": 181, "column": 184 } },
      "99": { "start": { "line": 186, "column": 4 }, "end": { "line": 186, "column": 31 } },
      "100": { "start": { "line": 191, "column": 4 }, "end": { "line": 191, "column": 87 } },
      "101": { "start": { "line": 196, "column": 4 }, "end": { "line": 196, "column": 99 } },
      "102": { "start": { "line": 201, "column": 4 }, "end": { "line": 201, "column": 103 } },
      "103": { "start": { "line": 203, "column": 4 }, "end": { "line": 213, "column": 5 } },
      "104": { "start": { "line": 204, "column": 21 }, "end": { "line": 208, "column": 7 } },
      "105": { "start": { "line": 212, "column": 6 }, "end": { "line": 212, "column": 157 } },
      "106": { "start": { "line": 215, "column": 4 }, "end": { "line": 215, "column": 85 } },
      "107": { "start": { "line": 215, "column": 39 }, "end": { "line": 215, "column": 85 } },
      "108": { "start": { "line": 218, "column": 29 }, "end": { "line": 493, "column": 5 } },
      "109": { "start": { "line": 219, "column": 6 }, "end": { "line": 219, "column": 75 } },
      "110": { "start": { "line": 221, "column": 6 }, "end": { "line": 221, "column": 122 } },
      "111": { "start": { "line": 221, "column": 109 }, "end": { "line": 221, "column": 122 } },
      "112": { "start": { "line": 223, "column": 6 }, "end": { "line": 223, "column": 61 } },
      "113": { "start": { "line": 225, "column": 6 }, "end": { "line": 492, "column": 7 } },
      "114": { "start": { "line": 227, "column": 21 }, "end": { "line": 227, "column": 30 } },
      "115": { "start": { "line": 229, "column": 8 }, "end": { "line": 399, "column": 9 } },
      "116": { "start": { "line": 230, "column": 10 }, "end": { "line": 398, "column": 11 } },
      "117": { "start": { "line": 232, "column": 12 }, "end": { "line": 232, "column": 60 } },
      "118": { "start": { "line": 233, "column": 28 }, "end": { "line": 233, "column": 45 } },
      "119": { "start": { "line": 234, "column": 26 }, "end": { "line": 234, "column": 40 } },
      "120": { "start": { "line": 235, "column": 32 }, "end": { "line": 235, "column": 53 } },
      "121": { "start": { "line": 237, "column": 12 }, "end": { "line": 245, "column": 13 } },
      "122": { "start": { "line": 238, "column": 14 }, "end": { "line": 238, "column": 63 } },
      "123": { "start": { "line": 240, "column": 14 }, "end": { "line": 244, "column": 17 } },
      "124": { "start": { "line": 247, "column": 34 }, "end": { "line": 247, "column": 74 } },
      "125": { "start": { "line": 248, "column": 12 }, "end": { "line": 248, "column": 53 } },
      "126": { "start": { "line": 249, "column": 12 }, "end": { "line": 249, "column": 69 } },
      "127": { "start": { "line": 250, "column": 12 }, "end": { "line": 250, "column": 73 } },
      "128": { "start": { "line": 250, "column": 41 }, "end": { "line": 250, "column": 73 } },
      "129": { "start": { "line": 252, "column": 41 }, "end": { "line": 254, "column": 13 } },
      "130": { "start": { "line": 256, "column": 26 }, "end": { "line": 256, "column": 135 } },
      "131": { "start": { "line": 259, "column": 31 }, "end": { "line": 259, "column": 81 } },
      "132": { "start": { "line": 262, "column": 12 }, "end": { "line": 262, "column": 68 } },
      "133": { "start": { "line": 262, "column": 28 }, "end": { "line": 262, "column": 68 } },
      "134": { "start": { "line": 264, "column": 12 }, "end": { "line": 264, "column": 58 } },
      "135": { "start": { "line": 266, "column": 29 }, "end": { "line": 266, "column": 158 } },
      "136": { "start": { "line": 267, "column": 31 }, "end": { "line": 267, "column": 172 } },
      "137": { "start": { "line": 269, "column": 29 }, "end": { "line": 269, "column": 43 } },
      "138": { "start": { "line": 270, "column": 33 }, "end": { "line": 270, "column": 97 } },
      "139": { "start": { "line": 272, "column": 48 }, "end": { "line": 280, "column": 13 } },
      "140": { "start": { "line": 282, "column": 54 }, "end": { "line": 282, "column": 147 } },
      "141": { "start": { "line": 285, "column": 30 }, "end": { "line": 285, "column": 157 } },
      "142": { "start": { "line": 287, "column": 33 }, "end": { "line": 287, "column": 128 } },
      "143": { "start": { "line": 290, "column": 34 }, "end": { "line": 303, "column": 13 } },
      "144": { "start": { "line": 306, "column": 12 }, "end": { "line": 306, "column": 133 } },
      "145": { "start": { "line": 309, "column": 33 }, "end": { "line": 319, "column": 13 } },
      "146": { "start": { "line": 322, "column": 12 }, "end": { "line": 322, "column": 108 } },
      "147": { "start": { "line": 325, "column": 12 }, "end": { "line": 325, "column": 87 } },
      "148": { "start": { "line": 325, "column": 31 }, "end": { "line": 325, "column": 87 } },
      "149": { "start": { "line": 327, "column": 12 }, "end": { "line": 327, "column": 44 } },
      "150": { "start": { "line": 328, "column": 31 }, "end": { "line": 336, "column": 13 } },
      "151": { "start": { "line": 338, "column": 28 }, "end": { "line": 338, "column": 69 } },
      "152": { "start": { "line": 340, "column": 12 }, "end": { "line": 357, "column": 13 } },
      "153": { "start": { "line": 342, "column": 14 }, "end": { "line": 342, "column": 35 } },
      "154": { "start": { "line": 343, "column": 14 }, "end": { "line": 348, "column": 15 } },
      "155": { "start": { "line": 344, "column": 16 }, "end": { "line": 347, "column": 17 } },
      "156": { "start": { "line": 345, "column": 18 }, "end": { "line": 345, "column": 40 } },
      "157": { "start": { "line": 346, "column": 18 }, "end": { "line": 346, "column": 47 } },
      "158": { "start": { "line": 351, "column": 14 }, "end": { "line": 351, "column": 75 } },
      "159": { "start": { "line": 352, "column": 14 }, "end": { "line": 352, "column": 74 } },
      "160": { "start": { "line": 353, "column": 14 }, "end": { "line": 353, "column": 67 } },
      "161": { "start": { "line": 354, "column": 14 }, "end": { "line": 354, "column": 39 } },
      "162": { "start": { "line": 355, "column": 14 }, "end": { "line": 355, "column": 65 } },
      "163": { "start": { "line": 356, "column": 14 }, "end": { "line": 356, "column": 27 } },
      "164": { "start": { "line": 360, "column": 26 }, "end": { "line": 360, "column": 56 } },
      "165": { "start": { "line": 361, "column": 12 }, "end": { "line": 365, "column": 13 } },
      "166": { "start": { "line": 362, "column": 14 }, "end": { "line": 364, "column": 15 } },
      "167": { "start": { "line": 363, "column": 16 }, "end": { "line": 363, "column": 40 } },
      "168": { "start": { "line": 366, "column": 12 }, "end": { "line": 366, "column": 41 } },
      "169": { "start": { "line": 367, "column": 36 }, "end": { "line": 367, "column": 52 } },
      "170": { "start": { "line": 368, "column": 12 }, "end": { "line": 368, "column": 62 } },
      "171": { "start": { "line": 369, "column": 12 }, "end": { "line": 369, "column": 79 } },
      "172": { "start": { "line": 371, "column": 26 }, "end": { "line": 371, "column": 40 } },
      "173": { "start": { "line": 372, "column": 12 }, "end": { "line": 376, "column": 13 } },
      "174": { "start": { "line": 373, "column": 14 }, "end": { "line": 373, "column": 60 } },
      "175": { "start": { "line": 374, "column": 33 }, "end": { "line": 374, "column": 83 } },
      "176": { "start": { "line": 375, "column": 14 }, "end": { "line": 375, "column": 70 } },
      "177": { "start": { "line": 375, "column": 30 }, "end": { "line": 375, "column": 70 } },
      "178": { "start": { "line": 378, "column": 12 }, "end": { "line": 384, "column": 13 } },
      "179": { "start": { "line": 379, "column": 14 }, "end": { "line": 379, "column": 163 } },
      "180": { "start": { "line": 379, "column": 97 }, "end": { "line": 379, "column": 163 } },
      "181": { "start": { "line": 380, "column": 14 }, "end": { "line": 380, "column": 26 } },
      "182": { "start": { "line": 382, "column": 14 }, "end": { "line": 382, "column": 61 } },
      "183": { "start": { "line": 383, "column": 14 }, "end": { "line": 383, "column": 27 } },
      "184": { "start": { "line": 385, "column": 12 }, "end": { "line": 385, "column": 42 } },
      "185": { "start": { "line": 386, "column": 12 }, "end": { "line": 386, "column": 53 } },
      "186": { "start": { "line": 387, "column": 12 }, "end": { "line": 387, "column": 69 } },
      "187": { "start": { "line": 388, "column": 12 }, "end": { "line": 396, "column": 13 } },
      "188": { "start": { "line": 397, "column": 12 }, "end": { "line": 397, "column": 61 } },
      "189": { "start": { "line": 401, "column": 8 }, "end": { "line": 401, "column": 35 } },
      "190": { "start": { "line": 403, "column": 8 }, "end": { "line": 414, "column": 9 } },
      "191": { "start": { "line": 404, "column": 10 }, "end": { "line": 404, "column": 59 } },
      "192": { "start": { "line": 406, "column": 10 }, "end": { "line": 412, "column": 11 } },
      "193": { "start": { "line": 407, "column": 12 }, "end": { "line": 407, "column": 161 } },
      "194": { "start": { "line": 407, "column": 95 }, "end": { "line": 407, "column": 161 } },
      "195": { "start": { "line": 408, "column": 12 }, "end": { "line": 408, "column": 24 } },
      "196": { "start": { "line": 410, "column": 12 }, "end": { "line": 410, "column": 59 } },
      "197": { "start": { "line": 411, "column": 12 }, "end": { "line": 411, "column": 25 } },
      "198": { "start": { "line": 413, "column": 10 }, "end": { "line": 413, "column": 21 } },
      "199": { "start": { "line": 415, "column": 8 }, "end": { "line": 415, "column": 51 } },
      "200": { "start": { "line": 417, "column": 28 }, "end": { "line": 417, "column": 49 } },
      "201": { "start": { "line": 418, "column": 29 }, "end": { "line": 418, "column": 51 } },
      "202": { "start": { "line": 419, "column": 25 }, "end": { "line": 419, "column": 43 } },
      "203": { "start": { "line": 420, "column": 29 }, "end": { "line": 420, "column": 51 } },
      "204": { "start": { "line": 421, "column": 26 }, "end": { "line": 421, "column": 45 } },
      "205": { "start": { "line": 422, "column": 19 }, "end": { "line": 422, "column": 33 } },
      "206": { "start": { "line": 424, "column": 8 }, "end": { "line": 436, "column": 9 } },
      "207": { "start": { "line": 425, "column": 10 }, "end": { "line": 425, "column": 73 } },
      "208": { "start": { "line": 427, "column": 26 }, "end": { "line": 427, "column": 43 } },
      "209": { "start": { "line": 428, "column": 10 }, "end": { "line": 428, "column": 45 } },
      "210": { "start": { "line": 429, "column": 10 }, "end": { "line": 429, "column": 32 } },
      "211": { "start": { "line": 431, "column": 29 }, "end": { "line": 431, "column": 50 } },
      "212": { "start": { "line": 432, "column": 10 }, "end": { "line": 435, "column": 76 } },
      "213": { "start": { "line": 433, "column": 12 }, "end": { "line": 434, "column": 95 } },
      "214": { "start": { "line": 433, "column": 32 }, "end": { "line": 433, "column": 44 } },
      "215": { "start": { "line": 434, "column": 19 }, "end": { "line": 434, "column": 93 } },
      "216": { "start": { "line": 435, "column": 17 }, "end": { "line": 435, "column": 76 } },
      "217": { "start": { "line": 435, "column": 64 }, "end": { "line": 435, "column": 76 } },
      "218": { "start": { "line": 438, "column": 8 }, "end": { "line": 471, "column": 9 } },
      "219": { "start": { "line": 439, "column": 10 }, "end": { "line": 439, "column": 46 } },
      "220": { "start": { "line": 441, "column": 27 }, "end": { "line": 441, "column": 120 } },
      "221": { "start": { "line": 442, "column": 10 }, "end": { "line": 442, "column": 66 } },
      "222": { "start": { "line": 442, "column": 27 }, "end": { "line": 442, "column": 66 } },
      "223": { "start": { "line": 443, "column": 10 }, "end": { "line": 443, "column": 36 } },
      "224": { "start": { "line": 444, "column": 26 }, "end": { "line": 444, "column": 64 } },
      "225": { "start": { "line": 447, "column": 29 }, "end": { "line": 447, "column": 96 } },
      "226": { "start": { "line": 448, "column": 10 }, "end": { "line": 448, "column": 73 } },
      "227": { "start": { "line": 448, "column": 29 }, "end": { "line": 448, "column": 73 } },
      "228": { "start": { "line": 449, "column": 10 }, "end": { "line": 449, "column": 40 } },
      "229": { "start": { "line": 450, "column": 10 }, "end": { "line": 450, "column": 76 } },
      "230": { "start": { "line": 453, "column": 10 }, "end": { "line": 453, "column": 54 } },
      "231": { "start": { "line": 454, "column": 10 }, "end": { "line": 454, "column": 36 } },
      "232": { "start": { "line": 455, "column": 10 }, "end": { "line": 455, "column": 32 } },
      "233": { "start": { "line": 457, "column": 10 }, "end": { "line": 457, "column": 58 } },
      "234": { "start": { "line": 458, "column": 10 }, "end": { "line": 458, "column": 23 } },
      "235": { "start": { "line": 460, "column": 10 }, "end": { "line": 460, "column": 50 } },
      "236": { "start": { "line": 461, "column": 10 }, "end": { "line": 461, "column": 51 } },
      "237": { "start": { "line": 462, "column": 10 }, "end": { "line": 462, "column": 69 } },
      "238": { "start": { "line": 463, "column": 10 }, "end": { "line": 469, "column": 11 } },
      "239": { "start": { "line": 470, "column": 10 }, "end": { "line": 470, "column": 61 } },
      "240": { "start": { "line": 473, "column": 22 }, "end": { "line": 473, "column": 36 } },
      "241": { "start": { "line": 474, "column": 8 }, "end": { "line": 478, "column": 9 } },
      "242": { "start": { "line": 475, "column": 10 }, "end": { "line": 475, "column": 56 } },
      "243": { "start": { "line": 476, "column": 29 }, "end": { "line": 476, "column": 79 } },
      "244": { "start": { "line": 477, "column": 10 }, "end": { "line": 477, "column": 66 } },
      "245": { "start": { "line": 477, "column": 26 }, "end": { "line": 477, "column": 66 } },
      "246": { "start": { "line": 480, "column": 8 }, "end": { "line": 480, "column": 26 } },
      "247": { "start": { "line": 481, "column": 8 }, "end": { "line": 481, "column": 65 } },
      "248": { "start": { "line": 483, "column": 8 }, "end": { "line": 490, "column": 9 } },
      "249": { "start": { "line": 491, "column": 8 }, "end": { "line": 491, "column": 57 } },
      "250": { "start": { "line": 495, "column": 4 }, "end": { "line": 495, "column": 34 } },
      "251": { "start": { "line": 497, "column": 4 }, "end": { "line": 557, "column": 6 } },
      "252": { "start": { "line": 498, "column": 21 }, "end": { "line": 498, "column": 50 } },
      "253": { "start": { "line": 499, "column": 6 }, "end": { "line": 556, "column": 7 } },
      "254": { "start": { "line": 500, "column": 8 }, "end": { "line": 500, "column": 190 } },
      "255": { "start": { "line": 500, "column": 74 }, "end": { "line": 500, "column": 190 } },
      "256": { "start": { "line": 501, "column": 20 }, "end": { "line": 501, "column": 30 } },
      "257": { "start": { "line": 502, "column": 25 }, "end": { "line": 502, "column": 41 } },
      "258": { "start": { "line": 503, "column": 8 }, "end": { "line": 503, "column": 91 } },
      "259": { "start": { "line": 505, "column": 8 }, "end": { "line": 506, "column": 56 } },
      "260": { "start": { "line": 505, "column": 22 }, "end": { "line": 505, "column": 70 } },
      "261": { "start": { "line": 506, "column": 13 }, "end": { "line": 506, "column": 56 } },
      "262": { "start": { "line": 508, "column": 8 }, "end": { "line": 552, "column": 9 } },
      "263": { "start": { "line": 509, "column": 33 }, "end": { "line": 509, "column": 64 } },
      "264": { "start": { "line": 510, "column": 10 }, "end": { "line": 510, "column": 78 } },
      "265": { "start": { "line": 510, "column": 31 }, "end": { "line": 510, "column": 78 } },
      "266": { "start": { "line": 512, "column": 10 }, "end": { "line": 512, "column": 74 } },
      "267": { "start": { "line": 514, "column": 22 }, "end": { "line": 514, "column": 80 } },
      "268": { "start": { "line": 516, "column": 10 }, "end": { "line": 516, "column": 68 } },
      "269": { "start": { "line": 536, "column": 24 }, "end": { "line": 536, "column": 80 } },
      "270": { "start": { "line": 537, "column": 10 }, "end": { "line": 537, "column": 42 } },
      "271": { "start": { "line": 538, "column": 10 }, "end": { "line": 538, "column": 30 } },
      "272": { "start": { "line": 539, "column": 28 }, "end": { "line": 542, "column": 12 } },
      "273": { "start": { "line": 544, "column": 10 }, "end": { "line": 548, "column": 13 } },
      "274": { "start": { "line": 550, "column": 10 }, "end": { "line": 550, "column": 106 } },
      "275": { "start": { "line": 551, "column": 10 }, "end": { "line": 551, "column": 61 } },
      "276": { "start": { "line": 554, "column": 8 }, "end": { "line": 554, "column": 26 } },
      "277": { "start": { "line": 555, "column": 8 }, "end": { "line": 555, "column": 119 } },
      "278": { "start": { "line": 559, "column": 4 }, "end": { "line": 561, "column": 6 } },
      "279": { "start": { "line": 560, "column": 6 }, "end": { "line": 560, "column": 41 } },
      "280": { "start": { "line": 563, "column": 4 }, "end": { "line": 566, "column": 6 } },
      "281": { "start": { "line": 564, "column": 6 }, "end": { "line": 564, "column": 92 } },
      "282": { "start": { "line": 564, "column": 36 }, "end": { "line": 564, "column": 92 } },
      "283": { "start": { "line": 565, "column": 6 }, "end": { "line": 565, "column": 129 } },
      "284": { "start": { "line": 569, "column": 4 }, "end": { "line": 573, "column": 6 } },
      "285": { "start": { "line": 570, "column": 6 }, "end": { "line": 570, "column": 158 } },
      "286": { "start": { "line": 570, "column": 92 }, "end": { "line": 570, "column": 158 } },
      "287": { "start": { "line": 571, "column": 6 }, "end": { "line": 571, "column": 168 } },
      "288": { "start": { "line": 571, "column": 97 }, "end": { "line": 571, "column": 168 } },
      "289": { "start": { "line": 572, "column": 6 }, "end": { "line": 572, "column": 68 } },
      "290": { "start": { "line": 575, "column": 4 }, "end": { "line": 575, "column": 22 } },
      "291": { "start": { "line": 576, "column": 4 }, "end": { "line": 576, "column": 15 } },
      "292": { "start": { "line": 588, "column": 4 }, "end": { "line": 588, "column": 59 } },
      "293": { "start": { "line": 588, "column": 22 }, "end": { "line": 588, "column": 59 } },
      "294": { "start": { "line": 589, "column": 4 }, "end": { "line": 589, "column": 54 } },
      "295": { "start": { "line": 590, "column": 4 }, "end": { "line": 635, "column": 5 } },
      "296": { "start": { "line": 591, "column": 6 }, "end": { "line": 591, "column": 33 } },
      "297": { "start": { "line": 593, "column": 19 }, "end": { "line": 596, "column": 7 } },
      "298": { "start": { "line": 598, "column": 6 }, "end": { "line": 598, "column": 59 } },
      "299": { "start": { "line": 598, "column": 35 }, "end": { "line": 598, "column": 59 } },
      "300": { "start": { "line": 599, "column": 6 }, "end": { "line": 599, "column": 65 } },
      "301": { "start": { "line": 599, "column": 37 }, "end": { "line": 599, "column": 65 } },
      "302": { "start": { "line": 602, "column": 6 }, "end": { "line": 621, "column": 7 } },
      "303": { "start": { "line": 603, "column": 8 }, "end": { "line": 605, "column": 9 } },
      "304": { "start": { "line": 604, "column": 10 }, "end": { "line": 604, "column": 60 } },
      "305": { "start": { "line": 607, "column": 8 }, "end": { "line": 607, "column": 44 } },
      "306": { "start": { "line": 608, "column": 8 }, "end": { "line": 608, "column": 69 } },
      "307": { "start": { "line": 611, "column": 24 }, "end": { "line": 611, "column": 286 } },
      "308": { "start": { "line": 613, "column": 8 }, "end": { "line": 620, "column": 9 } },
      "309": { "start": { "line": 614, "column": 10 }, "end": { "line": 619, "column": 73 } },
      "310": { "start": { "line": 622, "column": 6 }, "end": { "line": 622, "column": 170 } },
      "311": { "start": { "line": 622, "column": 41 }, "end": { "line": 622, "column": 170 } },
      "312": { "start": { "line": 625, "column": 6 }, "end": { "line": 628, "column": 8 } },
      "313": { "start": { "line": 626, "column": 8 }, "end": { "line": 626, "column": 33 } },
      "314": { "start": { "line": 627, "column": 8 }, "end": { "line": 627, "column": 22 } },
      "315": { "start": { "line": 630, "column": 6 }, "end": { "line": 630, "column": 17 } },
      "316": { "start": { "line": 632, "column": 6 }, "end": { "line": 632, "column": 51 } },
      "317": { "start": { "line": 633, "column": 6 }, "end": { "line": 633, "column": 31 } },
      "318": { "start": { "line": 634, "column": 6 }, "end": { "line": 634, "column": 20 } },
      "319": { "start": { "line": 645, "column": 4 }, "end": { "line": 645, "column": 79 } },
      "320": { "start": { "line": 645, "column": 45 }, "end": { "line": 645, "column": 79 } },
      "321": { "start": { "line": 646, "column": 4 }, "end": { "line": 646, "column": 30 } },
      "322": { "start": { "line": 647, "column": 4 }, "end": { "line": 647, "column": 97 } },
      "323": { "start": { "line": 647, "column": 45 }, "end": { "line": 647, "column": 97 } },
      "324": { "start": { "line": 648, "column": 4 }, "end": { "line": 648, "column": 31 } },
      "325": { "start": { "line": 649, "column": 4 }, "end": { "line": 649, "column": 78 } },
      "326": { "start": { "line": 649, "column": 45 }, "end": { "line": 649, "column": 78 } },
      "327": { "start": { "line": 650, "column": 4 }, "end": { "line": 650, "column": 15 } },
      "328": { "start": { "line": 660, "column": 4 }, "end": { "line": 663, "column": 5 } },
      "329": { "start": { "line": 661, "column": 6 }, "end": { "line": 661, "column": 46 } },
      "330": { "start": { "line": 662, "column": 6 }, "end": { "line": 662, "column": 17 } },
      "331": { "start": { "line": 664, "column": 4 }, "end": { "line": 664, "column": 39 } },
      "332": { "start": { "line": 674, "column": 4 }, "end": { "line": 677, "column": 5 } },
      "333": { "start": { "line": 675, "column": 6 }, "end": { "line": 675, "column": 64 } },
      "334": { "start": { "line": 676, "column": 6 }, "end": { "line": 676, "column": 17 } },
      "335": { "start": { "line": 678, "column": 4 }, "end": { "line": 678, "column": 39 } },
      "336": { "start": { "line": 687, "column": 4 }, "end": { "line": 690, "column": 5 } },
      "337": { "start": { "line": 688, "column": 6 }, "end": { "line": 688, "column": 54 } },
      "338": { "start": { "line": 689, "column": 6 }, "end": { "line": 689, "column": 17 } },
      "339": { "start": { "line": 691, "column": 4 }, "end": { "line": 691, "column": 39 } },
      "340": { "start": { "line": 699, "column": 4 }, "end": { "line": 702, "column": 5 } },
      "341": { "start": { "line": 700, "column": 6 }, "end": { "line": 700, "column": 70 } },
      "342": { "start": { "line": 701, "column": 6 }, "end": { "line": 701, "column": 17 } },
      "343": { "start": { "line": 703, "column": 4 }, "end": { "line": 703, "column": 39 } },
      "344": { "start": { "line": 713, "column": 4 }, "end": { "line": 716, "column": 5 } },
      "345": { "start": { "line": 714, "column": 6 }, "end": { "line": 714, "column": 60 } },
      "346": { "start": { "line": 715, "column": 6 }, "end": { "line": 715, "column": 17 } },
      "347": { "start": { "line": 717, "column": 4 }, "end": { "line": 717, "column": 39 } },
      "348": { "start": { "line": 727, "column": 4 }, "end": { "line": 730, "column": 5 } },
      "349": { "start": { "line": 728, "column": 6 }, "end": { "line": 728, "column": 56 } },
      "350": { "start": { "line": 729, "column": 6 }, "end": { "line": 729, "column": 17 } },
      "351": { "start": { "line": 731, "column": 4 }, "end": { "line": 731, "column": 39 } },
      "352": { "start": { "line": 741, "column": 4 }, "end": { "line": 744, "column": 5 } },
      "353": { "start": { "line": 742, "column": 6 }, "end": { "line": 742, "column": 72 } },
      "354": { "start": { "line": 743, "column": 6 }, "end": { "line": 743, "column": 17 } },
      "355": { "start": { "line": 745, "column": 4 }, "end": { "line": 745, "column": 39 } },
      "356": { "start": { "line": 755, "column": 4 }, "end": { "line": 758, "column": 5 } },
      "357": { "start": { "line": 756, "column": 6 }, "end": { "line": 756, "column": 64 } },
      "358": { "start": { "line": 757, "column": 6 }, "end": { "line": 757, "column": 17 } },
      "359": { "start": { "line": 759, "column": 4 }, "end": { "line": 759, "column": 39 } },
      "360": { "start": { "line": 767, "column": 4 }, "end": { "line": 767, "column": 25 } },
      "361": { "start": { "line": 775, "column": 4 }, "end": { "line": 775, "column": 27 } },
      "362": { "start": { "line": 783, "column": 4 }, "end": { "line": 783, "column": 28 } },
      "363": { "start": { "line": 791, "column": 4 }, "end": { "line": 791, "column": 28 } },
      "364": { "start": { "line": 799, "column": 4 }, "end": { "line": 799, "column": 47 } },
      "365": { "start": { "line": 799, "column": 17 }, "end": { "line": 799, "column": 47 } },
      "366": { "start": { "line": 800, "column": 28 }, "end": { "line": 800, "column": 30 } },
      "367": { "start": { "line": 801, "column": 4 }, "end": { "line": 807, "column": 5 } },
      "368": { "start": { "line": 802, "column": 24 }, "end": { "line": 802, "column": 77 } },
      "369": { "start": { "line": 803, "column": 6 }, "end": { "line": 806, "column": 59 } },
      "370": { "start": { "line": 804, "column": 8 }, "end": { "line": 804, "column": 158 } },
      "371": { "start": { "line": 804, "column": 43 }, "end": { "line": 804, "column": 158 } },
      "372": { "start": { "line": 805, "column": 8 }, "end": { "line": 805, "column": 88 } },
      "373": { "start": { "line": 806, "column": 13 }, "end": { "line": 806, "column": 59 } },
      "374": { "start": { "line": 808, "column": 4 }, "end": { "line": 811, "column": 5 } },
      "375": { "start": { "line": 813, "column": 4 }, "end": { "line": 813, "column": 34 } },
      "376": { "start": { "line": 831, "column": 4 }, "end": { "line": 831, "column": 109 } },
      "377": { "start": { "line": 831, "column": 58 }, "end": { "line": 831, "column": 109 } },
      "378": { "start": { "line": 833, "column": 22 }, "end": { "line": 833, "column": 47 } },
      "379": { "start": { "line": 834, "column": 27 }, "end": { "line": 834, "column": 63 } },
      "380": { "start": { "line": 835, "column": 25 }, "end": { "line": 835, "column": 56 } },
      "381": { "start": { "line": 838, "column": 22 }, "end": { "line": 838, "column": 100 } },
      "382": { "start": { "line": 840, "column": 4 }, "end": { "line": 867, "column": 5 } },
      "383": { "start": { "line": 841, "column": 6 }, "end": { "line": 841, "column": 152 } },
      "384": { "start": { "line": 841, "column": 119 }, "end": { "line": 841, "column": 152 } },
      "385": { "start": { "line": 842, "column": 6 }, "end": { "line": 842, "column": 245 } },
      "386": { "start": { "line": 842, "column": 140 }, "end": { "line": 842, "column": 245 } },
      "387": { "start": { "line": 843, "column": 6 }, "end": { "line": 843, "column": 77 } },
      "388": { "start": { "line": 843, "column": 36 }, "end": { "line": 843, "column": 77 } },
      "389": { "start": { "line": 845, "column": 6 }, "end": { "line": 862, "column": 7 } },
      "390": { "start": { "line": 846, "column": 8 }, "end": { "line": 846, "column": 108 } },
      "391": { "start": { "line": 847, "column": 21 }, "end": { "line": 847, "column": 231 } },
      "392": { "start": { "line": 850, "column": 8 }, "end": { "line": 850, "column": 49 } },
      "393": { "start": { "line": 851, "column": 8 }, "end": { "line": 851, "column": 54 } },
      "394": { "start": { "line": 852, "column": 8 }, "end": { "line": 852, "column": 64 } },
      "395": { "start": { "line": 853, "column": 8 }, "end": { "line": 853, "column": 386 } },
      "396": { "start": { "line": 855, "column": 8 }, "end": { "line": 855, "column": 19 } },
      "397": { "start": { "line": 857, "column": 8 }, "end": { "line": 857, "column": 52 } },
      "398": { "start": { "line": 858, "column": 8 }, "end": { "line": 858, "column": 53 } },
      "399": { "start": { "line": 859, "column": 8 }, "end": { "line": 859, "column": 102 } },
      "400": { "start": { "line": 860, "column": 8 }, "end": { "line": 860, "column": 34 } },
      "401": { "start": { "line": 861, "column": 8 }, "end": { "line": 861, "column": 19 } },
      "402": { "start": { "line": 864, "column": 6 }, "end": { "line": 864, "column": 50 } },
      "403": { "start": { "line": 865, "column": 6 }, "end": { "line": 865, "column": 536 } },
      "404": { "start": { "line": 866, "column": 6 }, "end": { "line": 866, "column": 85 } },
      "405": { "start": { "line": 877, "column": 4 }, "end": { "line": 877, "column": 53 } },
      "406": { "start": { "line": 877, "column": 14 }, "end": { "line": 877, "column": 53 } },
      "407": { "start": { "line": 879, "column": 22 }, "end": { "line": 879, "column": 47 } },
      "408": { "start": { "line": 880, "column": 27 }, "end": { "line": 880, "column": 63 } },
      "409": { "start": { "line": 882, "column": 4 }, "end": { "line": 888, "column": 5 } },
      "410": { "start": { "line": 883, "column": 21 }, "end": { "line": 883, "column": 91 } },
      "411": { "start": { "line": 884, "column": 6 }, "end": { "line": 884, "column": 31 } },
      "412": { "start": { "line": 884, "column": 19 }, "end": { "line": 884, "column": 31 } },
      "413": { "start": { "line": 885, "column": 19 }, "end": { "line": 885, "column": 28 } },
      "414": { "start": { "line": 886, "column": 23 }, "end": { "line": 886, "column": 212 } },
      "415": { "start": { "line": 887, "column": 6 }, "end": { "line": 887, "column": 21 } },
      "416": { "start": { "line": 890, "column": 19 }, "end": { "line": 890, "column": 79 } },
      "417": { "start": { "line": 891, "column": 4 }, "end": { "line": 891, "column": 29 } },
      "418": { "start": { "line": 891, "column": 17 }, "end": { "line": 891, "column": 29 } },
      "419": { "start": { "line": 893, "column": 22 }, "end": { "line": 893, "column": 24 } },
      "420": { "start": { "line": 894, "column": 4 }, "end": { "line": 897, "column": 5 } },
      "421": { "start": { "line": 895, "column": 23 }, "end": { "line": 895, "column": 212 } },
      "422": { "start": { "line": 896, "column": 6 }, "end": { "line": 896, "column": 30 } },
      "423": { "start": { "line": 899, "column": 4 }, "end": { "line": 899, "column": 20 } },
      "424": { "start": { "line": 908, "column": 4 }, "end": { "line": 908, "column": 59 } },
      "425": { "start": { "line": 908, "column": 21 }, "end": { "line": 908, "column": 59 } },
      "426": { "start": { "line": 910, "column": 19 }, "end": { "line": 910, "column": 82 } },
      "427": { "start": { "line": 911, "column": 4 }, "end": { "line": 911, "column": 29 } },
      "428": { "start": { "line": 911, "column": 17 }, "end": { "line": 911, "column": 29 } },
      "429": { "start": { "line": 912, "column": 17 }, "end": { "line": 912, "column": 26 } },
      "430": { "start": { "line": 913, "column": 21 }, "end": { "line": 913, "column": 219 } },
      "431": { "start": { "line": 914, "column": 4 }, "end": { "line": 914, "column": 19 } },
      "432": { "start": { "line": 932, "column": 4 }, "end": { "line": 932, "column": 63 } },
      "433": { "start": { "line": 932, "column": 23 }, "end": { "line": 932, "column": 61 } },
      "434": { "start": { "line": 933, "column": 4 }, "end": { "line": 933, "column": 67 } },
      "435": { "start": { "line": 933, "column": 25 }, "end": { "line": 933, "column": 65 } },
      "436": { "start": { "line": 935, "column": 21 }, "end": { "line": 935, "column": 59 } },
      "437": { "start": { "line": 936, "column": 4 }, "end": { "line": 936, "column": 31 } },
      "438": { "start": { "line": 936, "column": 19 }, "end": { "line": 936, "column": 31 } },
      "439": { "start": { "line": 938, "column": 19 }, "end": { "line": 938, "column": 47 } },
      "440": { "start": { "line": 939, "column": 24 }, "end": { "line": 939, "column": 57 } },
      "441": { "start": { "line": 941, "column": 19 }, "end": { "line": 947, "column": 5 } },
      "442": { "start": { "line": 948, "column": 4 }, "end": { "line": 948, "column": 117 } },
      "443": { "start": { "line": 948, "column": 56 }, "end": { "line": 948, "column": 117 } },
      "444": { "start": { "line": 950, "column": 23 }, "end": { "line": 950, "column": 58 } },
      "445": { "start": { "line": 951, "column": 4 }, "end": { "line": 951, "column": 34 } },
      "446": { "start": { "line": 952, "column": 4 }, "end": { "line": 955, "column": 5 } },
      "447": { "start": { "line": 953, "column": 6 }, "end": { "line": 953, "column": 99 } },
      "448": { "start": { "line": 953, "column": 42 }, "end": { "line": 953, "column": 99 } },
      "449": { "start": { "line": 954, "column": 6 }, "end": { "line": 954, "column": 90 } },
      "450": { "start": { "line": 954, "column": 39 }, "end": { "line": 954, "column": 90 } },
      "451": { "start": { "line": 957, "column": 33 }, "end": { "line": 957, "column": 38 } },
      "452": { "start": { "line": 958, "column": 4 }, "end": { "line": 960, "column": 5 } },
      "453": { "start": { "line": 959, "column": 6 }, "end": { "line": 959, "column": 109 } },
      "454": { "start": { "line": 959, "column": 80 }, "end": { "line": 959, "column": 109 } },
      "455": { "start": { "line": 962, "column": 4 }, "end": { "line": 964, "column": 5 } },
      "456": { "start": { "line": 963, "column": 6 }, "end": { "line": 963, "column": 169 } },
      "457": { "start": { "line": 963, "column": 110 }, "end": { "line": 963, "column": 169 } },
      "458": { "start": { "line": 966, "column": 4 }, "end": { "line": 983, "column": 5 } },
      "459": { "start": { "line": 967, "column": 6 }, "end": { "line": 970, "column": 7 } },
      "460": { "start": { "line": 968, "column": 8 }, "end": { "line": 968, "column": 131 } },
      "461": { "start": { "line": 969, "column": 8 }, "end": { "line": 969, "column": 132 } },
      "462": { "start": { "line": 972, "column": 6 }, "end": { "line": 972, "column": 329 } },
      "463": { "start": { "line": 974, "column": 23 }, "end": { "line": 974, "column": 231 } },
      "464": { "start": { "line": 975, "column": 6 }, "end": { "line": 975, "column": 21 } },
      "465": { "start": { "line": 977, "column": 6 }, "end": { "line": 980, "column": 7 } },
      "466": { "start": { "line": 978, "column": 8 }, "end": { "line": 978, "column": 123 } },
      "467": { "start": { "line": 979, "column": 8 }, "end": { "line": 979, "column": 124 } },
      "468": { "start": { "line": 981, "column": 6 }, "end": { "line": 981, "column": 32 } },
      "469": { "start": { "line": 982, "column": 6 }, "end": { "line": 982, "column": 17 } },
      "470": { "start": { "line": 993, "column": 4 }, "end": { "line": 993, "column": 59 } },
      "471": { "start": { "line": 993, "column": 27 }, "end": { "line": 993, "column": 59 } },
      "472": { "start": { "line": 994, "column": 21 }, "end": { "line": 994, "column": 58 } },
      "473": { "start": { "line": 995, "column": 4 }, "end": { "line": 995, "column": 41 } },
      "474": { "start": { "line": 995, "column": 18 }, "end": { "line": 995, "column": 41 } },
      "475": { "start": { "line": 996, "column": 4 }, "end": { "line": 996, "column": 15 } },
      "476": { "start": { "line": 1005, "column": 4 }, "end": { "line": 1005, "column": 59 } },
      "477": { "start": { "line": 1005, "column": 21 }, "end": { "line": 1005, "column": 59 } },
      "478": { "start": { "line": 1006, "column": 21 }, "end": { "line": 1006, "column": 59 } },
      "479": { "start": { "line": 1007, "column": 4 }, "end": { "line": 1007, "column": 41 } },
      "480": { "start": { "line": 1007, "column": 18 }, "end": { "line": 1007, "column": 41 } },
      "481": { "start": { "line": 1008, "column": 4 }, "end": { "line": 1008, "column": 15 } },
      "482": { "start": { "line": 1016, "column": 22 }, "end": { "line": 1016, "column": 24 } },
      "483": { "start": { "line": 1017, "column": 19 }, "end": { "line": 1017, "column": 61 } },
      "484": { "start": { "line": 1019, "column": 4 }, "end": { "line": 1022, "column": 5 } },
      "485": { "start": { "line": 1020, "column": 6 }, "end": { "line": 1020, "column": 247 } },
      "486": { "start": { "line": 1020, "column": 33 }, "end": { "line": 1020, "column": 247 } },
      "487": { "start": { "line": 1021, "column": 6 }, "end": { "line": 1021, "column": 22 } },
      "488": { "start": { "line": 1023, "column": 4 }, "end": { "line": 1023, "column": 13 } },
      "489": { "start": { "line": 1036, "column": 4 }, "end": { "line": 1036, "column": 58 } },
      "490": { "start": { "line": 1036, "column": 23 }, "end": { "line": 1036, "column": 58 } },
      "491": { "start": { "line": 1037, "column": 4 }, "end": { "line": 1037, "column": 52 } },
      "492": { "start": { "line": 1037, "column": 27 }, "end": { "line": 1037, "column": 52 } },
      "493": { "start": { "line": 1038, "column": 4 }, "end": { "line": 1038, "column": 43 } },
      "494": { "start": { "line": 1039, "column": 18 }, "end": { "line": 1039, "column": 34 } },
      "495": { "start": { "line": 1040, "column": 22 }, "end": { "line": 1040, "column": 37 } },
      "496": { "start": { "line": 1041, "column": 30 }, "end": { "line": 1041, "column": 77 } },
      "497": { "start": { "line": 1044, "column": 4 }, "end": { "line": 1047, "column": 5 } },
      "498": { "start": { "line": 1045, "column": 6 }, "end": { "line": 1045, "column": 62 } },
      "499": { "start": { "line": 1046, "column": 6 }, "end": { "line": 1046, "column": 142 } },
      "500": { "start": { "line": 1050, "column": 19 }, "end": { "line": 1050, "column": 56 } },
      "501": { "start": { "line": 1051, "column": 20 }, "end": { "line": 1051, "column": 22 } },
      "502": { "start": { "line": 1052, "column": 4 }, "end": { "line": 1052, "column": 63 } },
      "503": { "start": { "line": 1052, "column": 41 }, "end": { "line": 1052, "column": 61 } },
      "504": { "start": { "line": 1055, "column": 22 }, "end": { "line": 1055, "column": 57 } },
      "505": { "start": { "line": 1056, "column": 4 }, "end": { "line": 1059, "column": 5 } },
      "506": { "start": { "line": 1057, "column": 6 }, "end": { "line": 1057, "column": 49 } },
      "507": { "start": { "line": 1058, "column": 6 }, "end": { "line": 1058, "column": 74 } },
      "508": { "start": { "line": 1060, "column": 26 }, "end": { "line": 1072, "column": 6 } },
      "509": { "start": { "line": 1075, "column": 4 }, "end": { "line": 1075, "column": 38 } },
      "510": { "start": { "line": 1108, "column": 0 }, "end": { "line": 1108, "column": 31 } }
    },
    "fnMap": {
      "0": {
        "name": "(anonymous_0)",
        "decl": { "start": { "line": 63, "column": 21 }, "end": { "line": 63, "column": 22 } },
        "loc": { "start": { "line": 63, "column": 54 }, "end": { "line": 63, "column": 71 } },
        "line": 63
      },
      "1": {
        "name": "(anonymous_1)",
        "decl": { "start": { "line": 65, "column": 25 }, "end": { "line": 65, "column": 26 } },
        "loc": { "start": { "line": 65, "column": 58 }, "end": { "line": 65, "column": 75 } },
        "line": 65
      },
      "2": {
        "name": "(anonymous_2)",
        "decl": { "start": { "line": 67, "column": 30 }, "end": { "line": 67, "column": 31 } },
        "loc": { "start": { "line": 67, "column": 63 }, "end": { "line": 67, "column": 80 } },
        "line": 67
      },
      "3": {
        "name": "(anonymous_3)",
        "decl": { "start": { "line": 69, "column": 33 }, "end": { "line": 69, "column": 34 } },
        "loc": { "start": { "line": 69, "column": 59 }, "end": { "line": 80, "column": 3 } },
        "line": 69
      },
      "4": {
        "name": "(anonymous_4)",
        "decl": { "start": { "line": 82, "column": 28 }, "end": { "line": 82, "column": 29 } },
        "loc": { "start": { "line": 82, "column": 48 }, "end": { "line": 84, "column": 3 } },
        "line": 82
      },
      "5": {
        "name": "(anonymous_5)",
        "decl": { "start": { "line": 86, "column": 26 }, "end": { "line": 86, "column": 27 } },
        "loc": { "start": { "line": 86, "column": 46 }, "end": { "line": 88, "column": 3 } },
        "line": 86
      },
      "6": {
        "name": "(anonymous_6)",
        "decl": { "start": { "line": 90, "column": 34 }, "end": { "line": 90, "column": 35 } },
        "loc": { "start": { "line": 90, "column": 54 }, "end": { "line": 92, "column": 3 } },
        "line": 90
      },
      "7": {
        "name": "(anonymous_7)",
        "decl": { "start": { "line": 94, "column": 30 }, "end": { "line": 94, "column": 31 } },
        "loc": { "start": { "line": 94, "column": 50 }, "end": { "line": 96, "column": 3 } },
        "line": 94
      },
      "8": {
        "name": "(anonymous_8)",
        "decl": { "start": { "line": 99, "column": 12 }, "end": { "line": 99, "column": 13 } },
        "loc": { "start": { "line": 99, "column": 32 }, "end": { "line": 107, "column": 3 } },
        "line": 99
      },
      "9": {
        "name": "(anonymous_9)",
        "decl": { "start": { "line": 149, "column": 2 }, "end": { "line": 149, "column": 3 } },
        "loc": { "start": { "line": 149, "column": 43 }, "end": { "line": 577, "column": 3 } },
        "line": 149
      },
      "10": {
        "name": "(anonymous_10)",
        "decl": { "start": { "line": 218, "column": 29 }, "end": { "line": 218, "column": 30 } },
        "loc": { "start": { "line": 218, "column": 55 }, "end": { "line": 493, "column": 5 } },
        "line": 218
      },
      "11": {
        "name": "(anonymous_11)",
        "decl": { "start": { "line": 378, "column": 45 }, "end": { "line": 378, "column": 46 } },
        "loc": { "start": { "line": 378, "column": 50 }, "end": { "line": 381, "column": 13 } },
        "line": 378
      },
      "12": {
        "name": "(anonymous_12)",
        "decl": { "start": { "line": 406, "column": 43 }, "end": { "line": 406, "column": 44 } },
        "loc": { "start": { "line": 406, "column": 48 }, "end": { "line": 409, "column": 11 } },
        "line": 406
      },
      "13": {
        "name": "(anonymous_13)",
        "decl": { "start": { "line": 497, "column": 35 }, "end": { "line": 497, "column": 36 } },
        "loc": { "start": { "line": 497, "column": 55 }, "end": { "line": 557, "column": 5 } },
        "line": 497
      },
      "14": {
        "name": "(anonymous_14)",
        "decl": { "start": { "line": 559, "column": 36 }, "end": { "line": 559, "column": 37 } },
        "loc": { "start": { "line": 559, "column": 62 }, "end": { "line": 561, "column": 5 } },
        "line": 559
      },
      "15": {
        "name": "(anonymous_15)",
        "decl": { "start": { "line": 563, "column": 36 }, "end": { "line": 563, "column": 37 } },
        "loc": { "start": { "line": 563, "column": 62 }, "end": { "line": 566, "column": 5 } },
        "line": 563
      },
      "16": {
        "name": "(anonymous_16)",
        "decl": { "start": { "line": 569, "column": 33 }, "end": { "line": 569, "column": 34 } },
        "loc": { "start": { "line": 569, "column": 59 }, "end": { "line": 573, "column": 5 } },
        "line": 569
      },
      "17": {
        "name": "(anonymous_17)",
        "decl": { "start": { "line": 587, "column": 2 }, "end": { "line": 587, "column": 3 } },
        "loc": { "start": { "line": 587, "column": 25 }, "end": { "line": 636, "column": 3 } },
        "line": 587
      },
      "18": {
        "name": "(anonymous_18)",
        "decl": { "start": { "line": 625, "column": 27 }, "end": { "line": 625, "column": 28 } },
        "loc": { "start": { "line": 625, "column": 39 }, "end": { "line": 628, "column": 7 } },
        "line": 625
      },
      "19": {
        "name": "(anonymous_19)",
        "decl": { "start": { "line": 644, "column": 2 }, "end": { "line": 644, "column": 3 } },
        "loc": { "start": { "line": 644, "column": 24 }, "end": { "line": 651, "column": 3 } },
        "line": 644
      },
      "20": {
        "name": "(anonymous_20)",
        "decl": { "start": { "line": 659, "column": 2 }, "end": { "line": 659, "column": 3 } },
        "loc": { "start": { "line": 659, "column": 31 }, "end": { "line": 665, "column": 3 } },
        "line": 659
      },
      "21": {
        "name": "(anonymous_21)",
        "decl": { "start": { "line": 673, "column": 2 }, "end": { "line": 673, "column": 3 } },
        "loc": { "start": { "line": 673, "column": 49 }, "end": { "line": 679, "column": 3 } },
        "line": 673
      },
      "22": {
        "name": "(anonymous_22)",
        "decl": { "start": { "line": 686, "column": 2 }, "end": { "line": 686, "column": 3 } },
        "loc": { "start": { "line": 686, "column": 39 }, "end": { "line": 692, "column": 3 } },
        "line": 686
      },
      "23": {
        "name": "(anonymous_23)",
        "decl": { "start": { "line": 698, "column": 2 }, "end": { "line": 698, "column": 3 } },
        "loc": { "start": { "line": 698, "column": 55 }, "end": { "line": 704, "column": 3 } },
        "line": 698
      },
      "24": {
        "name": "(anonymous_24)",
        "decl": { "start": { "line": 712, "column": 2 }, "end": { "line": 712, "column": 3 } },
        "loc": { "start": { "line": 712, "column": 45 }, "end": { "line": 718, "column": 3 } },
        "line": 712
      },
      "25": {
        "name": "(anonymous_25)",
        "decl": { "start": { "line": 726, "column": 2 }, "end": { "line": 726, "column": 3 } },
        "loc": { "start": { "line": 726, "column": 41 }, "end": { "line": 732, "column": 3 } },
        "line": 726
      },
      "26": {
        "name": "(anonymous_26)",
        "decl": { "start": { "line": 740, "column": 2 }, "end": { "line": 740, "column": 3 } },
        "loc": { "start": { "line": 740, "column": 57 }, "end": { "line": 746, "column": 3 } },
        "line": 740
      },
      "27": {
        "name": "(anonymous_27)",
        "decl": { "start": { "line": 754, "column": 2 }, "end": { "line": 754, "column": 3 } },
        "loc": { "start": { "line": 754, "column": 49 }, "end": { "line": 760, "column": 3 } },
        "line": 754
      },
      "28": {
        "name": "(anonymous_28)",
        "decl": { "start": { "line": 766, "column": 2 }, "end": { "line": 766, "column": 3 } },
        "loc": { "start": { "line": 766, "column": 14 }, "end": { "line": 768, "column": 3 } },
        "line": 766
      },
      "29": {
        "name": "(anonymous_29)",
        "decl": { "start": { "line": 774, "column": 2 }, "end": { "line": 774, "column": 3 } },
        "loc": { "start": { "line": 774, "column": 16 }, "end": { "line": 776, "column": 3 } },
        "line": 774
      },
      "30": {
        "name": "(anonymous_30)",
        "decl": { "start": { "line": 782, "column": 2 }, "end": { "line": 782, "column": 3 } },
        "loc": { "start": { "line": 782, "column": 17 }, "end": { "line": 784, "column": 3 } },
        "line": 782
      },
      "31": {
        "name": "(anonymous_31)",
        "decl": { "start": { "line": 790, "column": 2 }, "end": { "line": 790, "column": 3 } },
        "loc": { "start": { "line": 790, "column": 17 }, "end": { "line": 792, "column": 3 } },
        "line": 790
      },
      "32": {
        "name": "(anonymous_32)",
        "decl": { "start": { "line": 798, "column": 2 }, "end": { "line": 798, "column": 3 } },
        "loc": { "start": { "line": 798, "column": 24 }, "end": { "line": 814, "column": 3 } },
        "line": 798
      },
      "33": {
        "name": "(anonymous_33)",
        "decl": { "start": { "line": 830, "column": 2 }, "end": { "line": 830, "column": 3 } },
        "loc": { "start": { "line": 830, "column": 74 }, "end": { "line": 868, "column": 3 } },
        "line": 830
      },
      "34": {
        "name": "(anonymous_34)",
        "decl": { "start": { "line": 876, "column": 2 }, "end": { "line": 876, "column": 3 } },
        "loc": { "start": { "line": 876, "column": 61 }, "end": { "line": 900, "column": 3 } },
        "line": 876
      },
      "35": {
        "name": "(anonymous_35)",
        "decl": { "start": { "line": 907, "column": 2 }, "end": { "line": 907, "column": 3 } },
        "loc": { "start": { "line": 907, "column": 37 }, "end": { "line": 915, "column": 3 } },
        "line": 907
      },
      "36": {
        "name": "(anonymous_36)",
        "decl": { "start": { "line": 931, "column": 2 }, "end": { "line": 931, "column": 3 } },
        "loc": { "start": { "line": 931, "column": 54 }, "end": { "line": 984, "column": 3 } },
        "line": 931
      },
      "37": {
        "name": "(anonymous_37)",
        "decl": { "start": { "line": 992, "column": 2 }, "end": { "line": 992, "column": 3 } },
        "loc": { "start": { "line": 992, "column": 39 }, "end": { "line": 997, "column": 3 } },
        "line": 992
      },
      "38": {
        "name": "(anonymous_38)",
        "decl": { "start": { "line": 1004, "column": 2 }, "end": { "line": 1004, "column": 3 } },
        "loc": { "start": { "line": 1004, "column": 40 }, "end": { "line": 1009, "column": 3 } },
        "line": 1004
      },
      "39": {
        "name": "(anonymous_39)",
        "decl": { "start": { "line": 1015, "column": 2 }, "end": { "line": 1015, "column": 3 } },
        "loc": { "start": { "line": 1015, "column": 27 }, "end": { "line": 1024, "column": 3 } },
        "line": 1015
      },
      "40": {
        "name": "(anonymous_40)",
        "decl": { "start": { "line": 1035, "column": 2 }, "end": { "line": 1035, "column": 3 } },
        "loc": { "start": { "line": 1035, "column": 38 }, "end": { "line": 1076, "column": 3 } },
        "line": 1035
      }
    },
    "branchMap": {
      "0": {
        "loc": { "start": { "line": 71, "column": 6 }, "end": { "line": 71, "column": 177 } },
        "type": "if",
        "locations": [
          { "start": { "line": 71, "column": 6 }, "end": { "line": 71, "column": 177 } },
          { "start": { "line": 71, "column": 6 }, "end": { "line": 71, "column": 177 } }
        ],
        "line": 71
      },
      "1": {
        "loc": { "start": { "line": 77, "column": 6 }, "end": { "line": 77, "column": 175 } },
        "type": "if",
        "locations": [
          { "start": { "line": 77, "column": 6 }, "end": { "line": 77, "column": 175 } },
          { "start": { "line": 77, "column": 6 }, "end": { "line": 77, "column": 175 } }
        ],
        "line": 77
      },
      "2": {
        "loc": { "start": { "line": 150, "column": 4 }, "end": { "line": 150, "column": 62 } },
        "type": "if",
        "locations": [
          { "start": { "line": 150, "column": 4 }, "end": { "line": 150, "column": 62 } },
          { "start": { "line": 150, "column": 4 }, "end": { "line": 150, "column": 62 } }
        ],
        "line": 150
      },
      "3": {
        "loc": { "start": { "line": 151, "column": 4 }, "end": { "line": 151, "column": 139 } },
        "type": "if",
        "locations": [
          { "start": { "line": 151, "column": 4 }, "end": { "line": 151, "column": 139 } },
          { "start": { "line": 151, "column": 4 }, "end": { "line": 151, "column": 139 } }
        ],
        "line": 151
      },
      "4": {
        "loc": { "start": { "line": 151, "column": 8 }, "end": { "line": 151, "column": 91 } },
        "type": "binary-expr",
        "locations": [
          { "start": { "line": 151, "column": 8 }, "end": { "line": 151, "column": 15 } },
          { "start": { "line": 151, "column": 19 }, "end": { "line": 151, "column": 32 } },
          { "start": { "line": 151, "column": 37 }, "end": { "line": 151, "column": 49 } },
          { "start": { "line": 151, "column": 53 }, "end": { "line": 151, "column": 69 } },
          { "start": { "line": 151, "column": 73 }, "end": { "line": 151, "column": 90 } }
        ],
        "line": 151
      },
      "5": {
        "loc": { "start": { "line": 152, "column": 4 }, "end": { "line": 152, "column": 65 } },
        "type": "if",
        "locations": [
          { "start": { "line": 152, "column": 4 }, "end": { "line": 152, "column": 65 } },
          { "start": { "line": 152, "column": 4 }, "end": { "line": 152, "column": 65 } }
        ],
        "line": 152
      },
      "6": {
        "loc": { "start": { "line": 153, "column": 4 }, "end": { "line": 153, "column": 68 } },
        "type": "if",
        "locations": [
          { "start": { "line": 153, "column": 4 }, "end": { "line": 153, "column": 68 } },
          { "start": { "line": 153, "column": 4 }, "end": { "line": 153, "column": 68 } }
        ],
        "line": 153
      },
      "7": {
        "loc": { "start": { "line": 154, "column": 4 }, "end": { "line": 154, "column": 131 } },
        "type": "if",
        "locations": [
          { "start": { "line": 154, "column": 4 }, "end": { "line": 154, "column": 131 } },
          { "start": { "line": 154, "column": 4 }, "end": { "line": 154, "column": 131 } }
        ],
        "line": 154
      },
      "8": {
        "loc": { "start": { "line": 154, "column": 8 }, "end": { "line": 154, "column": 82 } },
        "type": "binary-expr",
        "locations": [
          { "start": { "line": 154, "column": 8 }, "end": { "line": 154, "column": 15 } },
          { "start": { "line": 154, "column": 19 }, "end": { "line": 154, "column": 33 } },
          { "start": { "line": 154, "column": 38 }, "end": { "line": 154, "column": 57 } },
          { "start": { "line": 154, "column": 61 }, "end": { "line": 154, "column": 81 } }
        ],
        "line": 154
      },
      "9": {
        "loc": { "start": { "line": 160, "column": 4 }, "end": { "line": 161, "column": 40 } },
        "type": "if",
        "locations": [
          { "start": { "line": 160, "column": 4 }, "end": { "line": 161, "column": 40 } },
          { "start": { "line": 160, "column": 4 }, "end": { "line": 161, "column": 40 } }
        ],
        "line": 160
      },
      "10": {
        "loc": { "start": { "line": 163, "column": 4 }, "end": { "line": 163, "column": 108 } },
        "type": "if",
        "locations": [
          { "start": { "line": 163, "column": 4 }, "end": { "line": 163, "column": 108 } },
          { "start": { "line": 163, "column": 4 }, "end": { "line": 163, "column": 108 } }
        ],
        "line": 163
      },
      "11": {
        "loc": { "start": { "line": 163, "column": 8 }, "end": { "line": 163, "column": 55 } },
        "type": "binary-expr",
        "locations": [
          { "start": { "line": 163, "column": 8 }, "end": { "line": 163, "column": 15 } },
          { "start": { "line": 163, "column": 20 }, "end": { "line": 163, "column": 36 } },
          { "start": { "line": 163, "column": 40 }, "end": { "line": 163, "column": 54 } }
        ],
        "line": 163
      },
      "12": {
        "loc": { "start": { "line": 163, "column": 74 }, "end": { "line": 163, "column": 108 } },
        "type": "binary-expr",
        "locations": [
          { "start": { "line": 163, "column": 74 }, "end": { "line": 163, "column": 90 } },
          { "start": { "line": 163, "column": 94 }, "end": { "line": 163, "column": 108 } }
        ],
        "line": 163
      },
      "13": {
        "loc": { "start": { "line": 164, "column": 4 }, "end": { "line": 164, "column": 118 } },
        "type": "if",
        "locations": [
          { "start": { "line": 164, "column": 4 }, "end": { "line": 164, "column": 118 } },
          { "start": { "line": 164, "column": 4 }, "end": { "line": 164, "column": 118 } }
        ],
        "line": 164
      },
      "14": {
        "loc": { "start": { "line": 164, "column": 8 }, "end": { "line": 164, "column": 59 } },
        "type": "binary-expr",
        "locations": [
          { "start": { "line": 164, "column": 8 }, "end": { "line": 164, "column": 15 } },
          { "start": { "line": 164, "column": 20 }, "end": { "line": 164, "column": 38 } },
          { "start": { "line": 164, "column": 42 }, "end": { "line": 164, "column": 58 } }
        ],
        "line": 164
      },
      "15": {
        "loc": { "start": { "line": 164, "column": 80 }, "end": { "line": 164, "column": 118 } },
        "type": "binary-expr",
        "locations": [
          { "start": { "line": 164, "column": 80 }, "end": { "line": 164, "column": 98 } },
          { "start": { "line": 164, "column": 102 }, "end": { "line": 164, "column": 118 } }
        ],
        "line": 164
      },
      "16": {
        "loc": { "start": { "line": 165, "column": 4 }, "end": { "line": 165, "column": 123 } },
        "type": "if",
        "locations": [
          { "start": { "line": 165, "column": 4 }, "end": { "line": 165, "column": 123 } },
          { "start": { "line": 165, "column": 4 }, "end": { "line": 165, "column": 123 } }
        ],
        "line": 165
      },
      "17": {
        "loc": { "start": { "line": 165, "column": 8 }, "end": { "line": 165, "column": 61 } },
        "type": "binary-expr",
        "locations": [
          { "start": { "line": 165, "column": 8 }, "end": { "line": 165, "column": 15 } },
          { "start": { "line": 165, "column": 20 }, "end": { "line": 165, "column": 39 } },
          { "start": { "line": 165, "column": 43 }, "end": { "line": 165, "column": 60 } }
        ],
        "line": 165
      },
      "18": {
        "loc": { "start": { "line": 165, "column": 83 }, "end": { "line": 165, "column": 123 } },
        "type": "binary-expr",
        "locations": [
          { "start": { "line": 165, "column": 83 }, "end": { "line": 165, "column": 102 } },
          { "start": { "line": 165, "column": 106 }, "end": { "line": 165, "column": 123 } }
        ],
        "line": 165
      },
      "19": {
        "loc": { "start": { "line": 166, "column": 4 }, "end": { "line": 166, "column": 79 } },
        "type": "if",
        "locations": [
          { "start": { "line": 166, "column": 4 }, "end": { "line": 166, "column": 79 } },
          { "start": { "line": 166, "column": 4 }, "end": { "line": 166, "column": 79 } }
        ],
        "line": 166
      },
      "20": {
        "loc": { "start": { "line": 166, "column": 8 }, "end": { "line": 166, "column": 38 } },
        "type": "binary-expr",
        "locations": [
          { "start": { "line": 166, "column": 8 }, "end": { "line": 166, "column": 15 } },
          { "start": { "line": 166, "column": 19 }, "end": { "line": 166, "column": 38 } }
        ],
        "line": 166
      },
      "21": {
        "loc": { "start": { "line": 168, "column": 4 }, "end": { "line": 168, "column": 65 } },
        "type": "if",
        "locations": [
          { "start": { "line": 168, "column": 4 }, "end": { "line": 168, "column": 65 } },
          { "start": { "line": 168, "column": 4 }, "end": { "line": 168, "column": 65 } }
        ],
        "line": 168
      },
      "22": {
        "loc": { "start": { "line": 168, "column": 8 }, "end": { "line": 168, "column": 43 } },
        "type": "binary-expr",
        "locations": [
          { "start": { "line": 168, "column": 8 }, "end": { "line": 168, "column": 15 } },
          { "start": { "line": 168, "column": 19 }, "end": { "line": 168, "column": 43 } }
        ],
        "line": 168
      },
      "23": {
        "loc": { "start": { "line": 169, "column": 4 }, "end": { "line": 169, "column": 63 } },
        "type": "if",
        "locations": [
          { "start": { "line": 169, "column": 4 }, "end": { "line": 169, "column": 63 } },
          { "start": { "line": 169, "column": 4 }, "end": { "line": 169, "column": 63 } }
        ],
        "line": 169
      },
      "24": {
        "loc": { "start": { "line": 169, "column": 8 }, "end": { "line": 169, "column": 42 } },
        "type": "binary-expr",
        "locations": [
          { "start": { "line": 169, "column": 8 }, "end": { "line": 169, "column": 15 } },
          { "start": { "line": 169, "column": 19 }, "end": { "line": 169, "column": 42 } }
        ],
        "line": 169
      },
      "25": {
        "loc": { "start": { "line": 170, "column": 4 }, "end": { "line": 170, "column": 93 } },
        "type": "if",
        "locations": [
          { "start": { "line": 170, "column": 4 }, "end": { "line": 170, "column": 93 } },
          { "start": { "line": 170, "column": 4 }, "end": { "line": 170, "column": 93 } }
        ],
        "line": 170
      },
      "26": {
        "loc": { "start": { "line": 170, "column": 8 }, "end": { "line": 170, "column": 52 } },
        "type": "binary-expr",
        "locations": [
          { "start": { "line": 170, "column": 8 }, "end": { "line": 170, "column": 15 } },
          { "start": { "line": 170, "column": 19 }, "end": { "line": 170, "column": 52 } }
        ],
        "line": 170
      },
      "27": {
        "loc": { "start": { "line": 173, "column": 4 }, "end": { "line": 177, "column": 5 } },
        "type": "if",
        "locations": [
          { "start": { "line": 173, "column": 4 }, "end": { "line": 177, "column": 5 } },
          { "start": { "line": 173, "column": 4 }, "end": { "line": 177, "column": 5 } }
        ],
        "line": 173
      },
      "28": {
        "loc": { "start": { "line": 173, "column": 8 }, "end": { "line": 173, "column": 34 } },
        "type": "binary-expr",
        "locations": [
          { "start": { "line": 173, "column": 8 }, "end": { "line": 173, "column": 15 } },
          { "start": { "line": 173, "column": 19 }, "end": { "line": 173, "column": 34 } }
        ],
        "line": 173
      },
      "29": {
        "loc": { "start": { "line": 174, "column": 6 }, "end": { "line": 174, "column": 76 } },
        "type": "if",
        "locations": [
          { "start": { "line": 174, "column": 6 }, "end": { "line": 174, "column": 76 } },
          { "start": { "line": 174, "column": 6 }, "end": { "line": 174, "column": 76 } }
        ],
        "line": 174
      },
      "30": {
        "loc": { "start": { "line": 175, "column": 6 }, "end": { "line": 175, "column": 91 } },
        "type": "if",
        "locations": [
          { "start": { "line": 175, "column": 6 }, "end": { "line": 175, "column": 91 } },
          { "start": { "line": 175, "column": 6 }, "end": { "line": 175, "column": 91 } }
        ],
        "line": 175
      },
      "31": {
        "loc": { "start": { "line": 176, "column": 6 }, "end": { "line": 176, "column": 85 } },
        "type": "if",
        "locations": [
          { "start": { "line": 176, "column": 6 }, "end": { "line": 176, "column": 85 } },
          { "start": { "line": 176, "column": 6 }, "end": { "line": 176, "column": 85 } }
        ],
        "line": 176
      },
      "32": {
        "loc": { "start": { "line": 181, "column": 30 }, "end": { "line": 181, "column": 61 } },
        "type": "cond-expr",
        "locations": [
          { "start": { "line": 181, "column": 40 }, "end": { "line": 181, "column": 53 } },
          { "start": { "line": 181, "column": 56 }, "end": { "line": 181, "column": 61 } }
        ],
        "line": 181
      },
      "33": {
        "loc": { "start": { "line": 181, "column": 63 }, "end": { "line": 181, "column": 92 } },
        "type": "cond-expr",
        "locations": [
          { "start": { "line": 181, "column": 73 }, "end": { "line": 181, "column": 84 } },
          { "start": { "line": 181, "column": 87 }, "end": { "line": 181, "column": 92 } }
        ],
        "line": 181
      },
      "34": {
        "loc": { "start": { "line": 181, "column": 115 }, "end": { "line": 181, "column": 144 } },
        "type": "cond-expr",
        "locations": [
          { "start": { "line": 181, "column": 125 }, "end": { "line": 181, "column": 137 } },
          { "start": { "line": 181, "column": 140 }, "end": { "line": 181, "column": 144 } }
        ],
        "line": 181
      },
      "35": {
        "loc": { "start": { "line": 181, "column": 146 }, "end": { "line": 181, "column": 183 } },
        "type": "cond-expr",
        "locations": [
          { "start": { "line": 181, "column": 156 }, "end": { "line": 181, "column": 175 } },
          { "start": { "line": 181, "column": 178 }, "end": { "line": 181, "column": 183 } }
        ],
        "line": 181
      },
      "36": {
        "loc": { "start": { "line": 203, "column": 4 }, "end": { "line": 213, "column": 5 } },
        "type": "if",
        "locations": [
          { "start": { "line": 203, "column": 4 }, "end": { "line": 213, "column": 5 } },
          { "start": { "line": 203, "column": 4 }, "end": { "line": 213, "column": 5 } }
        ],
        "line": 203
      },
      "37": {
        "loc": { "start": { "line": 203, "column": 8 }, "end": { "line": 203, "column": 33 } },
        "type": "binary-expr",
        "locations": [
          { "start": { "line": 203, "column": 8 }, "end": { "line": 203, "column": 15 } },
          { "start": { "line": 203, "column": 19 }, "end": { "line": 203, "column": 33 } }
        ],
        "line": 203
      },
      "38": {
        "loc": { "start": { "line": 215, "column": 4 }, "end": { "line": 215, "column": 85 } },
        "type": "if",
        "locations": [
          { "start": { "line": 215, "column": 4 }, "end": { "line": 215, "column": 85 } },
          { "start": { "line": 215, "column": 4 }, "end": { "line": 215, "column": 85 } }
        ],
        "line": 215
      },
      "39": {
        "loc": { "start": { "line": 215, "column": 8 }, "end": { "line": 215, "column": 37 } },
        "type": "binary-expr",
        "locations": [
          { "start": { "line": 215, "column": 8 }, "end": { "line": 215, "column": 15 } },
          { "start": { "line": 215, "column": 19 }, "end": { "line": 215, "column": 37 } }
        ],
        "line": 215
      },
      "40": {
        "loc": { "start": { "line": 221, "column": 6 }, "end": { "line": 221, "column": 122 } },
        "type": "if",
        "locations": [
          { "start": { "line": 221, "column": 6 }, "end": { "line": 221, "column": 122 } },
          { "start": { "line": 221, "column": 6 }, "end": { "line": 221, "column": 122 } }
        ],
        "line": 221
      },
      "41": {
        "loc": { "start": { "line": 221, "column": 10 }, "end": { "line": 221, "column": 107 } },
        "type": "binary-expr",
        "locations": [
          { "start": { "line": 221, "column": 10 }, "end": { "line": 221, "column": 39 } },
          { "start": { "line": 221, "column": 43 }, "end": { "line": 221, "column": 73 } },
          { "start": { "line": 221, "column": 77 }, "end": { "line": 221, "column": 107 } }
        ],
        "line": 221
      },
      "42": {
        "loc": { "start": { "line": 229, "column": 8 }, "end": { "line": 399, "column": 9 } },
        "type": "if",
        "locations": [
          { "start": { "line": 229, "column": 8 }, "end": { "line": 399, "column": 9 } },
          { "start": { "line": 229, "column": 8 }, "end": { "line": 399, "column": 9 } }
        ],
        "line": 229
      },
      "43": {
        "loc": { "start": { "line": 230, "column": 10 }, "end": { "line": 398, "column": 11 } },
        "type": "if",
        "locations": [
          { "start": { "line": 230, "column": 10 }, "end": { "line": 398, "column": 11 } },
          { "start": { "line": 230, "column": 10 }, "end": { "line": 398, "column": 11 } }
        ],
        "line": 230
      },
      "44": {
        "loc": { "start": { "line": 230, "column": 14 }, "end": { "line": 230, "column": 49 } },
        "type": "binary-expr",
        "locations": [
          { "start": { "line": 230, "column": 14 }, "end": { "line": 230, "column": 31 } },
          { "start": { "line": 230, "column": 35 }, "end": { "line": 230, "column": 49 } }
        ],
        "line": 230
      },
      "45": {
        "loc": { "start": { "line": 237, "column": 12 }, "end": { "line": 245, "column": 13 } },
        "type": "if",
        "locations": [
          { "start": { "line": 237, "column": 12 }, "end": { "line": 245, "column": 13 } },
          { "start": { "line": 237, "column": 12 }, "end": { "line": 245, "column": 13 } }
        ],
        "line": 237
      },
      "46": {
        "loc": { "start": { "line": 250, "column": 12 }, "end": { "line": 250, "column": 73 } },
        "type": "if",
        "locations": [
          { "start": { "line": 250, "column": 12 }, "end": { "line": 250, "column": 73 } },
          { "start": { "line": 250, "column": 12 }, "end": { "line": 250, "column": 73 } }
        ],
        "line": 250
      },
      "47": {
        "loc": { "start": { "line": 262, "column": 12 }, "end": { "line": 262, "column": 68 } },
        "type": "if",
        "locations": [
          { "start": { "line": 262, "column": 12 }, "end": { "line": 262, "column": 68 } },
          { "start": { "line": 262, "column": 12 }, "end": { "line": 262, "column": 68 } }
        ],
        "line": 262
      },
      "48": {
        "loc": { "start": { "line": 266, "column": 29 }, "end": { "line": 266, "column": 158 } },
        "type": "cond-expr",
        "locations": [
          { "start": { "line": 266, "column": 90 }, "end": { "line": 266, "column": 151 } },
          { "start": { "line": 266, "column": 154 }, "end": { "line": 266, "column": 158 } }
        ],
        "line": 266
      },
      "49": {
        "loc": { "start": { "line": 267, "column": 31 }, "end": { "line": 267, "column": 172 } },
        "type": "cond-expr",
        "locations": [
          { "start": { "line": 267, "column": 98 }, "end": { "line": 267, "column": 165 } },
          { "start": { "line": 267, "column": 168 }, "end": { "line": 267, "column": 172 } }
        ],
        "line": 267
      },
      "50": {
        "loc": { "start": { "line": 325, "column": 12 }, "end": { "line": 325, "column": 87 } },
        "type": "if",
        "locations": [
          { "start": { "line": 325, "column": 12 }, "end": { "line": 325, "column": 87 } },
          { "start": { "line": 325, "column": 12 }, "end": { "line": 325, "column": 87 } }
        ],
        "line": 325
      },
      "51": {
        "loc": { "start": { "line": 340, "column": 12 }, "end": { "line": 357, "column": 13 } },
        "type": "if",
        "locations": [
          { "start": { "line": 340, "column": 12 }, "end": { "line": 357, "column": 13 } },
[...]
      "22": 4,
      "23": 4,
      "24": 4,
      "25": 4,
      "26": 4,
      "27": 4,
      "28": 3,
      "29": 3,
      "30": 4,
      "31": 1,
      "32": 1,
      "33": 3,
      "34": 3,
      "35": 3,
      "36": 3,
      "37": 3,
      "38": 3,
      "39": 3,
      "40": 0,
      "41": 0,
      "42": 4,
      "43": 3,
      "44": 1,
      "45": 4,
      "46": 4,
      "47": 6,
      "48": 0,
      "49": 0,
      "50": 0,
      "51": 6,
      "52": 6,
      "53": 6,
      "54": 3,
      "55": 3,
      "56": 6,
      "57": 6,
      "58": 6,
      "59": 4,
      "60": 2,
      "61": 6,
      "62": 6,
      "63": 2,
      "64": 6,
      "65": 2,
      "66": 4,
      "67": 6,
      "68": 4,
      "69": 2,
      "70": 4,
      "71": 4,
      "72": 1
    },
    "f": { "0": 1, "1": 4 },
    "b": {
      "0": [0, 4],
      "1": [0, 4],
      "2": [0, 4],
      "3": [4, 0],
      "4": [3, 1],
      "5": [4, 2],
      "6": [1, 3],
      "7": [3, 0],
      "8": [3, 0],
      "9": [0, 3],
      "10": [3, 1],
      "11": [4, 3],
      "12": [0, 6],
      "13": [6, 4],
      "14": [0, 0],
      "15": [3, 3],
      "16": [6, 5],
      "17": [4, 2],
      "18": [2, 4],
      "19": [6, 2],
      "20": [2, 4],
      "21": [6, 2],
      "22": [2, 2]
    },
    "_coverageSchema": "1a1c01bbd47fc00a2c39e90264f33305004495a9",
    "hash": "99787e117cc63dd9c69bfa98e562eaa16618543d",
    "contentHash": "8ce78320999f5e91e68dc7a665be12c8367582ddd622f9d7b872ebee896dc1ca"
  },
  "/Users/cvmcosta/Desktop/cvm/code/projects/ltijs/src/Provider/Services/DynamicRegistration.js": {
    "path": "/Users/cvmcosta/Desktop/cvm/code/projects/ltijs/src/Provider/Services/DynamicRegistration.js",
    "statementMap": {
      "0": { "start": { "line": 2, "column": 12 }, "end": { "line": 2, "column": 39 } },
      "1": { "start": { "line": 3, "column": 15 }, "end": { "line": 3, "column": 32 } },
      "2": { "start": { "line": 4, "column": 13 }, "end": { "line": 4, "column": 39 } },
      "3": { "start": { "line": 6, "column": 37 }, "end": { "line": 6, "column": 92 } },
      "4": { "start": { "line": 8, "column": 16 }, "end": { "line": 8, "column": 46 } },
      "5": { "start": { "line": 37, "column": 19 }, "end": { "line": 37, "column": 21 } },
      "6": { "start": { "line": 41, "column": 39 }, "end": { "line": 41, "column": 145 } },
      "7": { "start": { "line": 44, "column": 4 }, "end": { "line": 44, "column": 29 } },
      "8": { "start": { "line": 45, "column": 4 }, "end": { "line": 45, "column": 51 } },
      "9": { "start": { "line": 46, "column": 4 }, "end": { "line": 46, "column": 59 } },
      "10": { "start": { "line": 47, "column": 4 }, "end": { "line": 47, "column": 45 } },
      "11": { "start": { "line": 48, "column": 4 }, "end": { "line": 48, "column": 95 } },
      "12": { "start": { "line": 49, "column": 4 }, "end": { "line": 49, "column": 29 } },
      "13": { "start": { "line": 50, "column": 4 }, "end": { "line": 50, "column": 43 } },
      "14": { "start": { "line": 51, "column": 4 }, "end": { "line": 51, "column": 51 } },
      "15": { "start": { "line": 52, "column": 4 }, "end": { "line": 52, "column": 63 } },
      "16": { "start": { "line": 53, "column": 4 }, "end": { "line": 53, "column": 67 } },
      "17": { "start": { "line": 54, "column": 4 }, "end": { "line": 54, "column": 69 } },
      "18": { "start": { "line": 55, "column": 4 }, "end": { "line": 55, "column": 35 } },
      "19": { "start": { "line": 56, "column": 4 }, "end": { "line": 56, "column": 45 } },
      "20": { "start": { "line": 58, "column": 4 }, "end": { "line": 58, "column": 39 } },
      "21": { "start": { "line": 59, "column": 4 }, "end": { "line": 59, "column": 29 } },
      "22": { "start": { "line": 64, "column": 4 }, "end": { "line": 64, "column": 32 } },
      "23": { "start": { "line": 64, "column": 22 }, "end": { "line": 64, "column": 32 } },
      "24": { "start": { "line": 65, "column": 22 }, "end": { "line": 65, "column": 37 } },
      "25": { "start": { "line": 66, "column": 22 }, "end": { "line": 66, "column": 57 } },
      "26": { "start": { "line": 67, "column": 4 }, "end": { "line": 70, "column": 5 } },
      "27": { "start": { "line": 68, "column": 6 }, "end": { "line": 68, "column": 49 } },
      "28": { "start": { "line": 69, "column": 6 }, "end": { "line": 69, "column": 74 } },
      "29": { "start": { "line": 71, "column": 25 }, "end": { "line": 79, "column": 6 } },
      "30": { "start": { "line": 80, "column": 4 }, "end": { "line": 80, "column": 23 } },
      "31": { "start": { "line": 85, "column": 22 }, "end": { "line": 85, "column": 37 } },
      "32": { "start": { "line": 86, "column": 19 }, "end": { "line": 86, "column": 37 } },
      "33": { "start": { "line": 87, "column": 4 }, "end": { "line": 87, "column": 56 } },
      "34": { "start": { "line": 87, "column": 24 }, "end": { "line": 87, "column": 56 } },
      "35": { "start": { "line": 88, "column": 4 }, "end": { "line": 88, "column": 19 } },
      "36": { "start": { "line": 92, "column": 4 }, "end": { "line": 92, "column": 36 } },
      "37": { "start": { "line": 102, "column": 4 }, "end": { "line": 102, "column": 103 } },
      "38": { "start": { "line": 104, "column": 21 }, "end": { "line": 104, "column": 57 } },
      "39": { "start": { "line": 105, "column": 4 }, "end": { "line": 105, "column": 78 } },
      "40": { "start": { "line": 105, "column": 30 }, "end": { "line": 105, "column": 78 } },
      "41": { "start": { "line": 106, "column": 25 }, "end": { "line": 125, "column": 15 } },
      "42": { "start": { "line": 126, "column": 4 }, "end": { "line": 126, "column": 62 } },
      "43": { "start": { "line": 127, "column": 4 }, "end": { "line": 127, "column": 46 } },
      "44": { "start": { "line": 128, "column": 4 }, "end": { "line": 128, "column": 69 } },
      "45": { "start": { "line": 129, "column": 33 }, "end": { "line": 129, "column": 206 } },
      "46": { "start": { "line": 133, "column": 4 }, "end": { "line": 137, "column": 5 } },
      "47": { "start": { "line": 134, "column": 6 }, "end": { "line": 134, "column": 41 } },
      "48": { "start": { "line": 136, "column": 6 }, "end": { "line": 136, "column": 263 } },
      "49": { "start": { "line": 139, "column": 4 }, "end": { "line": 139, "column": 170 } },
      "50": { "start": { "line": 139, "column": 124 }, "end": { "line": 139, "column": 170 } },
      "51": { "start": { "line": 141, "column": 4 }, "end": { "line": 141, "column": 56 } },
      "52": { "start": { "line": 142, "column": 21 }, "end": { "line": 153, "column": 5 } },
      "53": { "start": { "line": 154, "column": 23 }, "end": { "line": 154, "column": 117 } },
      "54": { "start": { "line": 155, "column": 4 }, "end": { "line": 155, "column": 123 } },
      "55": { "start": { "line": 156, "column": 4 }, "end": { "line": 156, "column": 21 } },
      "56": { "start": { "line": 166, "column": 4 }, "end": { "line": 166, "column": 84 } },
      "57": { "start": { "line": 166, "column": 33 }, "end": { "line": 166, "column": 84 } },
      "58": { "start": { "line": 167, "column": 4 }, "end": { "line": 167, "column": 73 } },
      "59": { "start": { "line": 169, "column": 26 }, "end": { "line": 169, "column": 83 } },
      "60": { "start": { "line": 170, "column": 4 }, "end": { "line": 170, "column": 77 } },
      "61": { "start": { "line": 171, "column": 4 }, "end": { "line": 171, "column": 50 } },
      "62": { "start": { "line": 175, "column": 0 }, "end": { "line": 175, "column": 36 } }
    },
    "fnMap": {
      "0": {
        "name": "(anonymous_0)",
        "decl": { "start": { "line": 43, "column": 2 }, "end": { "line": 43, "column": 3 } },
        "loc": { "start": { "line": 43, "column": 88 }, "end": { "line": 60, "column": 3 } },
        "line": 43
      },
      "1": {
        "name": "(anonymous_1)",
        "decl": { "start": { "line": 91, "column": 2 }, "end": { "line": 91, "column": 3 } },
        "loc": { "start": { "line": 91, "column": 37 }, "end": { "line": 93, "column": 3 } },
        "line": 91
      },
      "2": {
        "name": "(anonymous_2)",
        "decl": { "start": { "line": 101, "column": 2 }, "end": { "line": 101, "column": 3 } },
        "loc": { "start": { "line": 101, "column": 71 }, "end": { "line": 157, "column": 3 } },
        "line": 101
      },
      "3": {
        "name": "(anonymous_3)",
        "decl": { "start": { "line": 165, "column": 2 }, "end": { "line": 165, "column": 3 } },
        "loc": { "start": { "line": 165, "column": 75 }, "end": { "line": 172, "column": 3 } },
        "line": 165
      }
    },
    "branchMap": {
      "0": {
        "loc": { "start": { "line": 45, "column": 25 }, "end": { "line": 45, "column": 51 } },
        "type": "binary-expr",
        "locations": [
          { "start": { "line": 45, "column": 25 }, "end": { "line": 45, "column": 45 } },
          { "start": { "line": 45, "column": 49 }, "end": { "line": 45, "column": 51 } }
        ],
        "line": 45
      },
      "1": {
        "loc": { "start": { "line": 46, "column": 29 }, "end": { "line": 46, "column": 59 } },
        "type": "binary-expr",
        "locations": [
          { "start": { "line": 46, "column": 29 }, "end": { "line": 46, "column": 53 } },
          { "start": { "line": 46, "column": 57 }, "end": { "line": 46, "column": 59 } }
        ],
        "line": 46
      },
      "2": {
        "loc": { "start": { "line": 48, "column": 27 }, "end": { "line": 48, "column": 95 } },
        "type": "cond-expr",
        "locations": [
          { "start": { "line": 48, "column": 66 }, "end": { "line": 48, "column": 70 } },
          { "start": { "line": 48, "column": 73 }, "end": { "line": 48, "column": 95 } }
        ],
        "line": 48
      },
      "3": {
        "loc": { "start": { "line": 64, "column": 4 }, "end": { "line": 64, "column": 32 } },
        "type": "if",
        "locations": [
          { "start": { "line": 64, "column": 4 }, "end": { "line": 64, "column": 32 } },
          { "start": { "line": 64, "column": 4 }, "end": { "line": 64, "column": 32 } }
        ],
        "line": 64
      },
      "4": {
        "loc": { "start": { "line": 67, "column": 4 }, "end": { "line": 70, "column": 5 } },
        "type": "if",
        "locations": [
          { "start": { "line": 67, "column": 4 }, "end": { "line": 70, "column": 5 } },
          { "start": { "line": 67, "column": 4 }, "end": { "line": 70, "column": 5 } }
        ],
        "line": 67
      },
      "5": {
        "loc": { "start": { "line": 87, "column": 4 }, "end": { "line": 87, "column": 56 } },
        "type": "if",
        "locations": [
          { "start": { "line": 87, "column": 4 }, "end": { "line": 87, "column": 56 } },
          { "start": { "line": 87, "column": 4 }, "end": { "line": 87, "column": 56 } }
        ],
        "line": 87
      },
      "6": {
        "loc": { "start": { "line": 105, "column": 4 }, "end": { "line": 105, "column": 78 } },
        "type": "if",
        "locations": [
          { "start": { "line": 105, "column": 4 }, "end": { "line": 105, "column": 78 } },
          { "start": { "line": 105, "column": 4 }, "end": { "line": 105, "column": 78 } }
        ],
        "line": 105
      },
      "7": {
        "loc": { "start": { "line": 129, "column": 116 }, "end": { "line": 129, "column": 196 } },
        "type": "cond-expr",
        "locations": [
          { "start": { "line": 129, "column": 136 }, "end": { "line": 129, "column": 184 } },
          { "start": { "line": 129, "column": 187 }, "end": { "line": 129, "column": 196 } }
        ],
        "line": 129
      },
      "8": {
        "loc": { "start": { "line": 133, "column": 4 }, "end": { "line": 137, "column": 5 } },
        "type": "if",
        "locations": [
          { "start": { "line": 133, "column": 4 }, "end": { "line": 137, "column": 5 } },
          { "start": { "line": 133, "column": 4 }, "end": { "line": 137, "column": 5 } }
        ],
        "line": 133
      },
      "9": {
        "loc": { "start": { "line": 136, "column": 22 }, "end": { "line": 136, "column": 208 } },
        "type": "cond-expr",
        "locations": [
          { "start": { "line": 136, "column": 100 }, "end": { "line": 136, "column": 195 } },
          { "start": { "line": 136, "column": 198 }, "end": { "line": 136, "column": 208 } }
        ],
        "line": 136
      },
      "10": {
        "loc": { "start": { "line": 139, "column": 4 }, "end": { "line": 139, "column": 170 } },
        "type": "if",
        "locations": [
          { "start": { "line": 139, "column": 4 }, "end": { "line": 139, "column": 170 } },
          { "start": { "line": 139, "column": 4 }, "end": { "line": 139, "column": 170 } }
        ],
        "line": 139
      },
      "11": {
        "loc": { "start": { "line": 148, "column": 27 }, "end": { "line": 148, "column": 93 } },
        "type": "binary-expr",
        "locations": [
          { "start": { "line": 148, "column": 27 }, "end": { "line": 148, "column": 61 } },
          { "start": { "line": 148, "column": 65 }, "end": { "line": 148, "column": 93 } }
        ],
        "line": 148
      },
      "12": {
        "loc": { "start": { "line": 165, "column": 61 }, "end": { "line": 165, "column": 73 } },
        "type": "default-arg",
        "locations": [{ "start": { "line": 165, "column": 71 }, "end": { "line": 165, "column": 73 } }],
        "line": 165
      },
      "13": {
        "loc": { "start": { "line": 166, "column": 4 }, "end": { "line": 166, "column": 84 } },
        "type": "if",
        "locations": [
          { "start": { "line": 166, "column": 4 }, "end": { "line": 166, "column": 84 } },
          { "start": { "line": 166, "column": 4 }, "end": { "line": 166, "column": 84 } }
        ],
        "line": 166
      }
    },
    "s": {
      "0": 1,
      "1": 1,
      "2": 1,
      "3": 1,
      "4": 1,
      "5": 1,
      "6": 1,
      "7": 1,
      "8": 1,
      "9": 1,
      "10": 1,
      "11": 1,
      "12": 1,
      "13": 1,
      "14": 1,
      "15": 1,
      "16": 1,
      "17": 1,
      "18": 1,
      "19": 1,
      "20": 1,
      "21": 1,
      "22": 3,
      "23": 0,
      "24": 3,
      "25": 3,
      "26": 3,
      "27": 0,
      "28": 0,
      "29": 3,
      "30": 3,
      "31": 1,
      "32": 1,
      "33": 1,
      "34": 0,
      "35": 1,
      "36": 1,
      "37": 1,
      "38": 1,
      "39": 1,
      "40": 1,
      "41": 1,
      "42": 1,
      "43": 1,
      "44": 1,
      "45": 1,
      "46": 1,
      "47": 0,
      "48": 1,
      "49": 1,
      "50": 0,
      "51": 1,
      "52": 1,
      "53": 1,
      "54": 1,
      "55": 1,
      "56": 1,
      "57": 0,
      "58": 1,
      "59": 1,
      "60": 1,
      "61": 1,
      "62": 1
    },
    "f": { "0": 1, "1": 1, "2": 1, "3": 1 },
    "b": {
      "0": [1, 0],
      "1": [1, 0],
      "2": [1, 0],
      "3": [0, 3],
      "4": [0, 3],
      "5": [0, 1],
      "6": [1, 0],
      "7": [1, 0],
      "8": [0, 1],
      "9": [1, 0],
      "10": [0, 1],
      "11": [1, 1],
      "12": [1],
      "13": [0, 1]
    },
    "_coverageSchema": "1a1c01bbd47fc00a2c39e90264f33305004495a9",
    "hash": "47db187b586503c057ccae1527ad862adaa08a78",
    "contentHash": "56662c1454a47ebfc187f5acf828992f407e9d9a8af49f61058b782fe3ce53d3"
  },
  "/Users/cvmcosta/Desktop/cvm/code/projects/ltijs/src/utils/Objects.js": {
    "path": "/Users/cvmcosta/Desktop/cvm/code/projects/ltijs/src/utils/Objects.js",
    "statementMap": {
      "0": { "start": { "line": 3, "column": 4 }, "end": { "line": 3, "column": 69 } },
      "1": { "start": { "line": 12, "column": 4 }, "end": { "line": 12, "column": 38 } },
      "2": { "start": { "line": 12, "column": 25 }, "end": { "line": 12, "column": 38 } },
      "3": { "start": { "line": 13, "column": 19 }, "end": { "line": 13, "column": 34 } },
      "4": { "start": { "line": 15, "column": 4 }, "end": { "line": 24, "column": 5 } },
      "5": { "start": { "line": 16, "column": 6 }, "end": { "line": 23, "column": 7 } },
      "6": { "start": { "line": 17, "column": 8 }, "end": { "line": 22, "column": 9 } },
      "7": { "start": { "line": 18, "column": 10 }, "end": { "line": 18, "column": 64 } },
      "8": { "start": { "line": 18, "column": 28 }, "end": { "line": 18, "column": 64 } },
      "9": { "start": { "line": 19, "column": 10 }, "end": { "line": 19, "column": 57 } },
      "10": { "start": { "line": 21, "column": 10 }, "end": { "line": 21, "column": 55 } },
      "11": { "start": { "line": 26, "column": 4 }, "end": { "line": 26, "column": 52 } },
      "12": { "start": { "line": 30, "column": 0 }, "end": { "line": 30, "column": 24 } }
    },
    "fnMap": {
      "0": {
        "name": "(anonymous_0)",
        "decl": { "start": { "line": 2, "column": 2 }, "end": { "line": 2, "column": 3 } },
        "loc": { "start": { "line": 2, "column": 25 }, "end": { "line": 4, "column": 3 } },
        "line": 2
      },
      "1": {
        "name": "(anonymous_1)",
        "decl": { "start": { "line": 11, "column": 2 }, "end": { "line": 11, "column": 3 } },
        "loc": { "start": { "line": 11, "column": 47 }, "end": { "line": 27, "column": 3 } },
        "line": 11
      }
    },
    "branchMap": {
      "0": {
        "loc": { "start": { "line": 3, "column": 12 }, "end": { "line": 3, "column": 68 } },
        "type": "binary-expr",
        "locations": [
          { "start": { "line": 3, "column": 12 }, "end": { "line": 3, "column": 16 } },
          { "start": { "line": 3, "column": 20 }, "end": { "line": 3, "column": 44 } },
          { "start": { "line": 3, "column": 48 }, "end": { "line": 3, "column": 68 } }
        ],
        "line": 3
      },
      "1": {
        "loc": { "start": { "line": 12, "column": 4 }, "end": { "line": 12, "column": 38 } },
        "type": "if",
        "locations": [
          { "start": { "line": 12, "column": 4 }, "end": { "line": 12, "column": 38 } },
          { "start": { "line": 12, "column": 4 }, "end": { "line": 12, "column": 38 } }
        ],
        "line": 12
      },
      "2": {
        "loc": { "start": { "line": 15, "column": 4 }, "end": { "line": 24, "column": 5 } },
        "type": "if",
        "locations": [
          { "start": { "line": 15, "column": 4 }, "end": { "line": 24, "column": 5 } },
          { "start": { "line": 15, "column": 4 }, "end": { "line": 24, "column": 5 } }
        ],
        "line": 15
      },
      "3": {
        "loc": { "start": { "line": 15, "column": 8 }, "end": { "line": 15, "column": 54 } },
        "type": "binary-expr",
        "locations": [
          { "start": { "line": 15, "column": 8 }, "end": { "line": 15, "column": 29 } },
          { "start": { "line": 15, "column": 33 }, "end": { "line": 15, "column": 54 } }
        ],
        "line": 15
      },
      "4": {
        "loc": { "start": { "line": 17, "column": 8 }, "end": { "line": 22, "column": 9 } },
        "type": "if",
        "locations": [
          { "start": { "line": 17, "column": 8 }, "end": { "line": 22, "column": 9 } },
          { "start": { "line": 17, "column": 8 }, "end": { "line": 22, "column": 9 } }
        ],
        "line": 17
      },
      "5": {
        "loc": { "start": { "line": 18, "column": 10 }, "end": { "line": 18, "column": 64 } },
        "type": "if",
        "locations": [
          { "start": { "line": 18, "column": 10 }, "end": { "line": 18, "column": 64 } },
          { "start": { "line": 18, "column": 10 }, "end": { "line": 18, "column": 64 } }
        ],
        "line": 18
      }
    },
    "s": { "0": 2, "1": 2, "2": 1, "3": 1, "4": 1, "5": 1, "6": 0, "7": 0, "8": 0, "9": 0, "10": 0, "11": 1, "12": 1 },
    "f": { "0": 2, "1": 2 },
    "b": { "0": [2, 2, 2], "1": [1, 1], "2": [1, 0], "3": [1, 1], "4": [0, 0], "5": [0, 0] },
    "_coverageSchema": "1a1c01bbd47fc00a2c39e90264f33305004495a9",
    "hash": "49b313888774dbefd309d410b567c4791c80ae41",
    "contentHash": "e3fc20f868405aa2891f7ec1aafcb9c236433f76fc6f6cb3fb0536ebb19f5ddf"
  }
}
